2020-03-11T17:06:32.790Z [Data-Generator] info: [ENACTDB] Connection string: 
2020-03-11T17:06:32.799Z [Data-Generator] error: (node:15454) DeprecationWarning: current Server Discovery and Monitoring engine is deprecated, and will be removed in a future version. To use the new Server Discover and Monitoring engine, pass option { useUnifiedTopology: true } to the MongoClient constructor.
2020-03-11T17:06:32.833Z [Data-Generator] info: [ENACTDB] New connection to database has been established!
2020-03-11T17:06:32.834Z [Data-Generator] info: [Data-Generator] Connected to database
2020-03-11T17:06:32.834Z [Data-Generator] info: [Data-Generator] Generate randomly data integer and publish the data in every 3 seconds
2020-03-11T17:06:32.834Z [Data-Generator] info: [Data-Generator] Start Time 1583946392834 and duration time 10 seconds
2020-03-11T17:06:32.834Z [Data-Generator] info: [Data-Generator] Generate randomly data enum and publish the data in every 3 seconds
2020-03-11T17:06:32.834Z [Data-Generator] info: [Data-Generator] Start Time 1583946392834 and duration time 10 seconds
2020-03-11T17:06:32.834Z [Data-Generator] info: [Data-Generator] Generate randomly data boolean and publish the data in every 3 seconds
2020-03-11T17:06:32.834Z [Data-Generator] info: [Data-Generator] Start Time 1583946392834 and duration time 10 seconds
2020-03-11T17:06:32.834Z [Data-Generator] info: [Data-Generator] Generate randomly data double and publish the data in every 3 seconds
2020-03-11T17:06:32.834Z [Data-Generator] info: [Data-Generator] Start Time 1583946392834 and duration time 10 seconds
2020-03-11T17:06:32.834Z [Data-Generator] info: [Data-Generator] Generate randomly data double and publish the data in every 5 seconds
2020-03-11T17:06:32.834Z [Data-Generator] info: [Data-Generator] Start Time 1583946392834 and duration time 20 seconds
2020-03-11T17:06:32.834Z [Data-Generator] info: [Data-Generator] Generate randomly data enum and publish the data in every 5 seconds
2020-03-11T17:06:32.835Z [Data-Generator] info: [Data-Generator] Start Time 1583946392834 and duration time 20 seconds
2020-03-11T17:06:34.668Z [Data-Generator] info: [medicalGW-01-0] published: mqtt://localhost:1883 things/medicalGW-01-0/sensors/blood-pressure-sensor
2020-03-11T17:06:34.668Z [Data-Generator] info: [medicalGW-01-0] published: mqtt://localhost:1883 things/medicalGW-01-0/sensors/glucose-level-sensor
2020-03-11T17:06:34.670Z [Data-Generator] info: [medicalGW-01-0] published: mqtt://localhost:1883 things/medicalGW-01-0/sensors/motion-detection-sensor
2020-03-11T17:06:34.670Z [Data-Generator] info: [medicalGW-01-0] published: mqtt://localhost:1883 things/medicalGW-01-0/sensors/scale-sensor
2020-03-11T17:06:34.670Z [Data-Generator] info: [medicalGW-01-1] published: mqtt://localhost:1883 things/medicalGW-01-1/sensors/blood-pressure-sensor
2020-03-11T17:06:34.671Z [Data-Generator] info: [medicalGW-01-1] published: mqtt://localhost:1883 things/medicalGW-01-1/sensors/glucose-level-sensor
2020-03-11T17:06:34.671Z [Data-Generator] info: [medicalGW-01-1] published: mqtt://localhost:1883 things/medicalGW-01-1/sensors/motion-detection-sensor
2020-03-11T17:06:34.671Z [Data-Generator] info: [medicalGW-01-1] published: mqtt://localhost:1883 things/medicalGW-01-1/sensors/scale-sensor
2020-03-11T17:06:35.846Z [Data-Generator] info: [blood-pressure-sensor] Stopped generating data!
2020-03-11T17:06:35.846Z [Data-Generator] info: [ENACTDB] Going to close the connection
2020-03-11T17:06:35.854Z [Data-Generator] error: [Data-Generator] Failed to save generated data of sensor blood-pressure-sensor
2020-03-11T17:06:35.855Z [Data-Generator] info: [glucose-level-sensor] Stopped generating data!
2020-03-11T17:06:35.856Z [Data-Generator] info: [ENACTDB] Going to close the connection
2020-03-11T17:06:35.857Z [Data-Generator] error: [Data-Generator] Failed to save generated data of sensor glucose-level-sensor
2020-03-11T17:06:35.857Z [Data-Generator] info: [motion-detection-sensor] Stopped generating data!
2020-03-11T17:06:35.857Z [Data-Generator] info: [ENACTDB] Going to close the connection
2020-03-11T17:06:35.860Z [Data-Generator] error: [Data-Generator] Failed to save generated data of sensor motion-detection-sensor
2020-03-11T17:06:35.861Z [Data-Generator] info: [scale-sensor] Stopped generating data!
2020-03-11T17:06:35.861Z [Data-Generator] info: [ENACTDB] Going to close the connection
2020-03-11T17:06:35.862Z [Data-Generator] error: [Data-Generator] Failed to save generated data of sensor scale-sensor
2020-03-11T17:06:37.670Z [Data-Generator] info: [medicalGW-01-0] published: mqtt://localhost:1883 things/medicalGW-01-0/sensors/blood-pressure-sensor
2020-03-11T17:06:37.670Z [Data-Generator] info: [medicalGW-01-0] published: mqtt://localhost:1883 things/medicalGW-01-0/sensors/glucose-level-sensor
2020-03-11T17:06:37.670Z [Data-Generator] info: [medicalGW-01-0] published: mqtt://localhost:1883 things/medicalGW-01-0/sensors/motion-detection-sensor
2020-03-11T17:06:37.672Z [Data-Generator] info: [medicalGW-01-0] published: mqtt://localhost:1883 things/medicalGW-01-0/sensors/scale-sensor
2020-03-11T17:06:37.673Z [Data-Generator] info: [medicalGW-01-1] published: mqtt://localhost:1883 things/medicalGW-01-1/sensors/blood-pressure-sensor
2020-03-11T17:06:37.673Z [Data-Generator] info: [medicalGW-01-1] published: mqtt://localhost:1883 things/medicalGW-01-1/sensors/glucose-level-sensor
2020-03-11T17:06:37.673Z [Data-Generator] info: [medicalGW-01-1] published: mqtt://localhost:1883 things/medicalGW-01-1/sensors/motion-detection-sensor
2020-03-11T17:06:37.674Z [Data-Generator] info: [medicalGW-01-1] published: mqtt://localhost:1883 things/medicalGW-01-1/sensors/scale-sensor
2020-03-11T17:06:37.838Z [Data-Generator] info: [light-intensity-actuator] Stopped generating data!
2020-03-11T17:06:37.838Z [Data-Generator] info: [ENACTDB] Going to close the connection
2020-03-11T17:06:37.839Z [Data-Generator] info: [heating-level-actuator] Stopped generating data!
2020-03-11T17:06:37.839Z [Data-Generator] info: [ENACTDB] Going to close the connection
2020-03-11T17:06:40.675Z [Data-Generator] info: [medicalGW-01-0] published: mqtt://localhost:1883 things/medicalGW-01-0/sensors/blood-pressure-sensor
2020-03-11T17:06:40.675Z [Data-Generator] info: [medicalGW-01-0] published: mqtt://localhost:1883 things/medicalGW-01-0/sensors/glucose-level-sensor
2020-03-11T17:06:40.675Z [Data-Generator] info: [medicalGW-01-0] published: mqtt://localhost:1883 things/medicalGW-01-0/sensors/motion-detection-sensor
2020-03-11T17:06:40.676Z [Data-Generator] info: [medicalGW-01-0] published: mqtt://localhost:1883 things/medicalGW-01-0/sensors/scale-sensor
2020-03-11T17:06:40.676Z [Data-Generator] info: [medicalGW-01-1] published: mqtt://localhost:1883 things/medicalGW-01-1/sensors/blood-pressure-sensor
2020-03-11T17:06:40.676Z [Data-Generator] info: [medicalGW-01-1] published: mqtt://localhost:1883 things/medicalGW-01-1/sensors/glucose-level-sensor
2020-03-11T17:06:40.676Z [Data-Generator] info: [medicalGW-01-1] published: mqtt://localhost:1883 things/medicalGW-01-1/sensors/motion-detection-sensor
2020-03-11T17:06:40.677Z [Data-Generator] info: [medicalGW-01-1] published: mqtt://localhost:1883 things/medicalGW-01-1/sensors/scale-sensor
2020-03-11T17:06:43.679Z [Data-Generator] info: [medicalGW-01-0] published: mqtt://localhost:1883 things/medicalGW-01-0/sensors/blood-pressure-sensor
2020-03-11T17:06:43.680Z [Data-Generator] info: [medicalGW-01-0] published: mqtt://localhost:1883 things/medicalGW-01-0/sensors/glucose-level-sensor
2020-03-11T17:06:43.680Z [Data-Generator] info: [medicalGW-01-0] published: mqtt://localhost:1883 things/medicalGW-01-0/sensors/motion-detection-sensor
2020-03-11T17:06:43.681Z [Data-Generator] info: [medicalGW-01-0] published: mqtt://localhost:1883 things/medicalGW-01-0/sensors/scale-sensor
2020-03-11T17:06:43.681Z [Data-Generator] info: [medicalGW-01-1] published: mqtt://localhost:1883 things/medicalGW-01-1/sensors/blood-pressure-sensor
2020-03-11T17:06:43.681Z [Data-Generator] info: [medicalGW-01-1] published: mqtt://localhost:1883 things/medicalGW-01-1/sensors/glucose-level-sensor
2020-03-11T17:06:43.681Z [Data-Generator] info: [medicalGW-01-1] published: mqtt://localhost:1883 things/medicalGW-01-1/sensors/motion-detection-sensor
2020-03-11T17:06:43.681Z [Data-Generator] info: [medicalGW-01-1] published: mqtt://localhost:1883 things/medicalGW-01-1/sensors/scale-sensor
2020-03-11T17:06:46.683Z [Data-Generator] info: [medicalGW-01-0] published: mqtt://localhost:1883 things/medicalGW-01-0/sensors/blood-pressure-sensor
2020-03-11T17:06:46.684Z [Data-Generator] info: [medicalGW-01-0] published: mqtt://localhost:1883 things/medicalGW-01-0/sensors/glucose-level-sensor
2020-03-11T17:06:46.684Z [Data-Generator] info: [medicalGW-01-0] published: mqtt://localhost:1883 things/medicalGW-01-0/sensors/motion-detection-sensor
2020-03-11T17:06:46.684Z [Data-Generator] info: [medicalGW-01-0] published: mqtt://localhost:1883 things/medicalGW-01-0/sensors/scale-sensor
2020-03-11T17:06:46.684Z [Data-Generator] info: [medicalGW-01-1] published: mqtt://localhost:1883 things/medicalGW-01-1/sensors/blood-pressure-sensor
2020-03-11T17:06:46.685Z [Data-Generator] info: [medicalGW-01-1] published: mqtt://localhost:1883 things/medicalGW-01-1/sensors/glucose-level-sensor
2020-03-11T17:06:46.685Z [Data-Generator] info: [medicalGW-01-1] published: mqtt://localhost:1883 things/medicalGW-01-1/sensors/motion-detection-sensor
2020-03-11T17:06:46.685Z [Data-Generator] info: [medicalGW-01-1] published: mqtt://localhost:1883 things/medicalGW-01-1/sensors/scale-sensor
2020-03-11T17:06:49.688Z [Data-Generator] info: [medicalGW-01-0] published: mqtt://localhost:1883 things/medicalGW-01-0/sensors/blood-pressure-sensor
2020-03-11T17:06:49.688Z [Data-Generator] info: [medicalGW-01-0] published: mqtt://localhost:1883 things/medicalGW-01-0/sensors/glucose-level-sensor
2020-03-11T17:06:49.688Z [Data-Generator] info: [medicalGW-01-0] published: mqtt://localhost:1883 things/medicalGW-01-0/sensors/motion-detection-sensor
2020-03-11T17:06:49.689Z [Data-Generator] info: [medicalGW-01-0] published: mqtt://localhost:1883 things/medicalGW-01-0/sensors/scale-sensor
2020-03-11T17:06:49.689Z [Data-Generator] info: [medicalGW-01-1] published: mqtt://localhost:1883 things/medicalGW-01-1/sensors/blood-pressure-sensor
2020-03-11T17:06:49.689Z [Data-Generator] info: [medicalGW-01-1] published: mqtt://localhost:1883 things/medicalGW-01-1/sensors/glucose-level-sensor
2020-03-11T17:06:49.689Z [Data-Generator] info: [medicalGW-01-1] published: mqtt://localhost:1883 things/medicalGW-01-1/sensors/motion-detection-sensor
2020-03-11T17:06:49.689Z [Data-Generator] info: [medicalGW-01-1] published: mqtt://localhost:1883 things/medicalGW-01-1/sensors/scale-sensor
2020-03-11T17:06:52.690Z [Data-Generator] info: [medicalGW-01-0] published: mqtt://localhost:1883 things/medicalGW-01-0/sensors/blood-pressure-sensor
2020-03-11T17:06:52.690Z [Data-Generator] info: [medicalGW-01-0] published: mqtt://localhost:1883 things/medicalGW-01-0/sensors/glucose-level-sensor
2020-03-11T17:06:52.690Z [Data-Generator] info: [medicalGW-01-0] published: mqtt://localhost:1883 things/medicalGW-01-0/sensors/motion-detection-sensor
2020-03-11T17:06:52.691Z [Data-Generator] info: [medicalGW-01-0] published: mqtt://localhost:1883 things/medicalGW-01-0/sensors/scale-sensor
2020-03-11T17:06:52.691Z [Data-Generator] info: [medicalGW-01-1] published: mqtt://localhost:1883 things/medicalGW-01-1/sensors/blood-pressure-sensor
2020-03-11T17:06:52.691Z [Data-Generator] info: [medicalGW-01-1] published: mqtt://localhost:1883 things/medicalGW-01-1/sensors/glucose-level-sensor
2020-03-11T17:06:52.692Z [Data-Generator] info: [medicalGW-01-1] published: mqtt://localhost:1883 things/medicalGW-01-1/sensors/motion-detection-sensor
2020-03-11T17:06:52.693Z [Data-Generator] info: [medicalGW-01-1] published: mqtt://localhost:1883 things/medicalGW-01-1/sensors/scale-sensor
2020-03-11T17:06:55.690Z [Data-Generator] info: [medicalGW-01-0] published: mqtt://localhost:1883 things/medicalGW-01-0/sensors/blood-pressure-sensor
2020-03-11T17:06:55.690Z [Data-Generator] info: [medicalGW-01-0] published: mqtt://localhost:1883 things/medicalGW-01-0/sensors/glucose-level-sensor
2020-03-11T17:06:55.691Z [Data-Generator] info: [medicalGW-01-0] published: mqtt://localhost:1883 things/medicalGW-01-0/sensors/motion-detection-sensor
2020-03-11T17:06:55.691Z [Data-Generator] info: [medicalGW-01-0] published: mqtt://localhost:1883 things/medicalGW-01-0/sensors/scale-sensor
2020-03-11T17:06:55.691Z [Data-Generator] info: [medicalGW-01-1] published: mqtt://localhost:1883 things/medicalGW-01-1/sensors/blood-pressure-sensor
2020-03-11T17:06:55.691Z [Data-Generator] info: [medicalGW-01-1] published: mqtt://localhost:1883 things/medicalGW-01-1/sensors/glucose-level-sensor
2020-03-11T17:06:55.693Z [Data-Generator] info: [medicalGW-01-1] published: mqtt://localhost:1883 things/medicalGW-01-1/sensors/motion-detection-sensor
2020-03-11T17:06:55.693Z [Data-Generator] info: [medicalGW-01-1] published: mqtt://localhost:1883 things/medicalGW-01-1/sensors/scale-sensor
2020-03-11T17:06:58.691Z [Data-Generator] info: [medicalGW-01-0] published: mqtt://localhost:1883 things/medicalGW-01-0/sensors/blood-pressure-sensor
2020-03-11T17:06:58.691Z [Data-Generator] info: [medicalGW-01-0] published: mqtt://localhost:1883 things/medicalGW-01-0/sensors/glucose-level-sensor
2020-03-11T17:06:58.692Z [Data-Generator] info: [medicalGW-01-0] published: mqtt://localhost:1883 things/medicalGW-01-0/sensors/motion-detection-sensor
2020-03-11T17:06:58.692Z [Data-Generator] info: [medicalGW-01-0] published: mqtt://localhost:1883 things/medicalGW-01-0/sensors/scale-sensor
2020-03-11T17:06:58.692Z [Data-Generator] info: [medicalGW-01-1] published: mqtt://localhost:1883 things/medicalGW-01-1/sensors/blood-pressure-sensor
2020-03-11T17:06:58.692Z [Data-Generator] info: [medicalGW-01-1] published: mqtt://localhost:1883 things/medicalGW-01-1/sensors/glucose-level-sensor
2020-03-11T17:06:58.694Z [Data-Generator] info: [medicalGW-01-1] published: mqtt://localhost:1883 things/medicalGW-01-1/sensors/motion-detection-sensor
2020-03-11T17:06:58.694Z [Data-Generator] info: [medicalGW-01-1] published: mqtt://localhost:1883 things/medicalGW-01-1/sensors/scale-sensor
2020-03-11T17:07:01.696Z [Data-Generator] info: [medicalGW-01-0] published: mqtt://localhost:1883 things/medicalGW-01-0/sensors/blood-pressure-sensor
2020-03-11T17:07:01.698Z [Data-Generator] info: [medicalGW-01-0] published: mqtt://localhost:1883 things/medicalGW-01-0/sensors/glucose-level-sensor
2020-03-11T17:07:01.700Z [Data-Generator] info: [medicalGW-01-0] published: mqtt://localhost:1883 things/medicalGW-01-0/sensors/motion-detection-sensor
2020-03-11T17:07:01.700Z [Data-Generator] info: [medicalGW-01-0] published: mqtt://localhost:1883 things/medicalGW-01-0/sensors/scale-sensor
2020-03-11T17:07:01.700Z [Data-Generator] info: [medicalGW-01-1] published: mqtt://localhost:1883 things/medicalGW-01-1/sensors/blood-pressure-sensor
2020-03-11T17:07:01.700Z [Data-Generator] info: [medicalGW-01-1] published: mqtt://localhost:1883 things/medicalGW-01-1/sensors/glucose-level-sensor
2020-03-11T17:07:01.701Z [Data-Generator] info: [medicalGW-01-1] published: mqtt://localhost:1883 things/medicalGW-01-1/sensors/motion-detection-sensor
2020-03-11T17:07:01.701Z [Data-Generator] info: [medicalGW-01-1] published: mqtt://localhost:1883 things/medicalGW-01-1/sensors/scale-sensor
2020-03-11T17:07:04.699Z [Data-Generator] info: [medicalGW-01-0] published: mqtt://localhost:1883 things/medicalGW-01-0/sensors/blood-pressure-sensor
2020-03-11T17:07:04.700Z [Data-Generator] info: [medicalGW-01-0] published: mqtt://localhost:1883 things/medicalGW-01-0/sensors/glucose-level-sensor
2020-03-11T17:07:04.700Z [Data-Generator] info: [medicalGW-01-0] published: mqtt://localhost:1883 things/medicalGW-01-0/sensors/motion-detection-sensor
2020-03-11T17:07:04.702Z [Data-Generator] info: [medicalGW-01-0] published: mqtt://localhost:1883 things/medicalGW-01-0/sensors/scale-sensor
2020-03-11T17:07:04.702Z [Data-Generator] info: [medicalGW-01-1] published: mqtt://localhost:1883 things/medicalGW-01-1/sensors/blood-pressure-sensor
2020-03-11T17:07:04.703Z [Data-Generator] info: [medicalGW-01-1] published: mqtt://localhost:1883 things/medicalGW-01-1/sensors/glucose-level-sensor
2020-03-11T17:07:04.706Z [Data-Generator] info: [medicalGW-01-1] published: mqtt://localhost:1883 things/medicalGW-01-1/sensors/motion-detection-sensor
2020-03-11T17:07:04.707Z [Data-Generator] info: [medicalGW-01-1] published: mqtt://localhost:1883 things/medicalGW-01-1/sensors/scale-sensor
2020-03-11T17:07:07.705Z [Data-Generator] info: [medicalGW-01-0] published: mqtt://localhost:1883 things/medicalGW-01-0/sensors/blood-pressure-sensor
2020-03-11T17:07:07.705Z [Data-Generator] info: [medicalGW-01-0] published: mqtt://localhost:1883 things/medicalGW-01-0/sensors/glucose-level-sensor
2020-03-11T17:07:07.705Z [Data-Generator] info: [medicalGW-01-0] published: mqtt://localhost:1883 things/medicalGW-01-0/sensors/motion-detection-sensor
2020-03-11T17:07:07.706Z [Data-Generator] info: [medicalGW-01-0] published: mqtt://localhost:1883 things/medicalGW-01-0/sensors/scale-sensor
2020-03-11T17:07:07.706Z [Data-Generator] info: [medicalGW-01-1] published: mqtt://localhost:1883 things/medicalGW-01-1/sensors/blood-pressure-sensor
2020-03-11T17:07:07.706Z [Data-Generator] info: [medicalGW-01-1] published: mqtt://localhost:1883 things/medicalGW-01-1/sensors/glucose-level-sensor
2020-03-11T17:07:07.709Z [Data-Generator] info: [medicalGW-01-1] published: mqtt://localhost:1883 things/medicalGW-01-1/sensors/motion-detection-sensor
2020-03-11T17:07:07.710Z [Data-Generator] info: [medicalGW-01-1] published: mqtt://localhost:1883 things/medicalGW-01-1/sensors/scale-sensor
2020-03-11T17:07:10.706Z [Data-Generator] info: [medicalGW-01-0] published: mqtt://localhost:1883 things/medicalGW-01-0/sensors/blood-pressure-sensor
2020-03-11T17:07:10.706Z [Data-Generator] info: [medicalGW-01-0] published: mqtt://localhost:1883 things/medicalGW-01-0/sensors/glucose-level-sensor
2020-03-11T17:07:10.706Z [Data-Generator] info: [medicalGW-01-0] published: mqtt://localhost:1883 things/medicalGW-01-0/sensors/motion-detection-sensor
2020-03-11T17:07:10.707Z [Data-Generator] info: [medicalGW-01-0] published: mqtt://localhost:1883 things/medicalGW-01-0/sensors/scale-sensor
2020-03-11T17:07:10.707Z [Data-Generator] info: [medicalGW-01-1] published: mqtt://localhost:1883 things/medicalGW-01-1/sensors/blood-pressure-sensor
2020-03-11T17:07:10.707Z [Data-Generator] info: [medicalGW-01-1] published: mqtt://localhost:1883 things/medicalGW-01-1/sensors/glucose-level-sensor
2020-03-11T17:07:10.710Z [Data-Generator] info: [medicalGW-01-1] published: mqtt://localhost:1883 things/medicalGW-01-1/sensors/motion-detection-sensor
2020-03-11T17:07:10.711Z [Data-Generator] info: [medicalGW-01-1] published: mqtt://localhost:1883 things/medicalGW-01-1/sensors/scale-sensor
2020-03-11T17:07:13.709Z [Data-Generator] info: [medicalGW-01-0] published: mqtt://localhost:1883 things/medicalGW-01-0/sensors/blood-pressure-sensor
2020-03-11T17:07:13.709Z [Data-Generator] info: [medicalGW-01-0] published: mqtt://localhost:1883 things/medicalGW-01-0/sensors/glucose-level-sensor
2020-03-11T17:07:13.709Z [Data-Generator] info: [medicalGW-01-0] published: mqtt://localhost:1883 things/medicalGW-01-0/sensors/motion-detection-sensor
2020-03-11T17:07:13.709Z [Data-Generator] info: [medicalGW-01-0] published: mqtt://localhost:1883 things/medicalGW-01-0/sensors/scale-sensor
2020-03-11T17:07:13.709Z [Data-Generator] info: [medicalGW-01-1] published: mqtt://localhost:1883 things/medicalGW-01-1/sensors/blood-pressure-sensor
2020-03-11T17:07:13.710Z [Data-Generator] info: [medicalGW-01-1] published: mqtt://localhost:1883 things/medicalGW-01-1/sensors/glucose-level-sensor
2020-03-11T17:07:13.711Z [Data-Generator] info: [medicalGW-01-1] published: mqtt://localhost:1883 things/medicalGW-01-1/sensors/motion-detection-sensor
2020-03-11T17:07:13.711Z [Data-Generator] info: [medicalGW-01-1] published: mqtt://localhost:1883 things/medicalGW-01-1/sensors/scale-sensor
2020-03-11T17:07:16.714Z [Data-Generator] info: [medicalGW-01-0] published: mqtt://localhost:1883 things/medicalGW-01-0/sensors/blood-pressure-sensor
2020-03-11T17:07:16.714Z [Data-Generator] info: [medicalGW-01-0] published: mqtt://localhost:1883 things/medicalGW-01-0/sensors/glucose-level-sensor
2020-03-11T17:07:16.715Z [Data-Generator] info: [medicalGW-01-0] published: mqtt://localhost:1883 things/medicalGW-01-0/sensors/motion-detection-sensor
2020-03-11T17:07:16.715Z [Data-Generator] info: [medicalGW-01-0] published: mqtt://localhost:1883 things/medicalGW-01-0/sensors/scale-sensor
2020-03-11T17:07:16.715Z [Data-Generator] info: [medicalGW-01-1] published: mqtt://localhost:1883 things/medicalGW-01-1/sensors/blood-pressure-sensor
2020-03-11T17:07:16.715Z [Data-Generator] info: [medicalGW-01-1] published: mqtt://localhost:1883 things/medicalGW-01-1/sensors/glucose-level-sensor
2020-03-11T17:07:16.715Z [Data-Generator] info: [medicalGW-01-1] published: mqtt://localhost:1883 things/medicalGW-01-1/sensors/motion-detection-sensor
2020-03-11T17:07:16.715Z [Data-Generator] info: [medicalGW-01-1] published: mqtt://localhost:1883 things/medicalGW-01-1/sensors/scale-sensor
2020-03-11T17:07:19.717Z [Data-Generator] info: [medicalGW-01-0] published: mqtt://localhost:1883 things/medicalGW-01-0/sensors/blood-pressure-sensor
2020-03-11T17:07:19.717Z [Data-Generator] info: [medicalGW-01-0] published: mqtt://localhost:1883 things/medicalGW-01-0/sensors/glucose-level-sensor
2020-03-11T17:07:19.718Z [Data-Generator] info: [medicalGW-01-0] published: mqtt://localhost:1883 things/medicalGW-01-0/sensors/motion-detection-sensor
2020-03-11T17:07:19.718Z [Data-Generator] info: [medicalGW-01-0] published: mqtt://localhost:1883 things/medicalGW-01-0/sensors/scale-sensor
2020-03-11T17:07:19.718Z [Data-Generator] info: [medicalGW-01-1] published: mqtt://localhost:1883 things/medicalGW-01-1/sensors/blood-pressure-sensor
2020-03-11T17:07:19.718Z [Data-Generator] info: [medicalGW-01-1] published: mqtt://localhost:1883 things/medicalGW-01-1/sensors/glucose-level-sensor
2020-03-11T17:07:19.719Z [Data-Generator] info: [medicalGW-01-1] published: mqtt://localhost:1883 things/medicalGW-01-1/sensors/motion-detection-sensor
2020-03-11T17:07:19.719Z [Data-Generator] info: [medicalGW-01-1] published: mqtt://localhost:1883 things/medicalGW-01-1/sensors/scale-sensor
2020-03-11T17:07:22.718Z [Data-Generator] info: [medicalGW-01-0] published: mqtt://localhost:1883 things/medicalGW-01-0/sensors/blood-pressure-sensor
2020-03-11T17:07:22.720Z [Data-Generator] info: [medicalGW-01-0] published: mqtt://localhost:1883 things/medicalGW-01-0/sensors/glucose-level-sensor
2020-03-11T17:07:22.720Z [Data-Generator] info: [medicalGW-01-0] published: mqtt://localhost:1883 things/medicalGW-01-0/sensors/motion-detection-sensor
2020-03-11T17:07:22.720Z [Data-Generator] info: [medicalGW-01-0] published: mqtt://localhost:1883 things/medicalGW-01-0/sensors/scale-sensor
2020-03-11T17:07:22.720Z [Data-Generator] info: [medicalGW-01-1] published: mqtt://localhost:1883 things/medicalGW-01-1/sensors/blood-pressure-sensor
2020-03-11T17:07:22.720Z [Data-Generator] info: [medicalGW-01-1] published: mqtt://localhost:1883 things/medicalGW-01-1/sensors/glucose-level-sensor
2020-03-11T17:07:22.721Z [Data-Generator] info: [medicalGW-01-1] published: mqtt://localhost:1883 things/medicalGW-01-1/sensors/motion-detection-sensor
2020-03-11T17:07:22.721Z [Data-Generator] info: [medicalGW-01-1] published: mqtt://localhost:1883 things/medicalGW-01-1/sensors/scale-sensor
2020-03-11T17:07:25.725Z [Data-Generator] info: [medicalGW-01-0] published: mqtt://localhost:1883 things/medicalGW-01-0/sensors/blood-pressure-sensor
2020-03-11T17:07:25.725Z [Data-Generator] info: [medicalGW-01-0] published: mqtt://localhost:1883 things/medicalGW-01-0/sensors/glucose-level-sensor
2020-03-11T17:07:25.725Z [Data-Generator] info: [medicalGW-01-0] published: mqtt://localhost:1883 things/medicalGW-01-0/sensors/motion-detection-sensor
2020-03-11T17:07:25.726Z [Data-Generator] info: [medicalGW-01-0] published: mqtt://localhost:1883 things/medicalGW-01-0/sensors/scale-sensor
2020-03-11T17:07:25.726Z [Data-Generator] info: [medicalGW-01-1] published: mqtt://localhost:1883 things/medicalGW-01-1/sensors/blood-pressure-sensor
2020-03-11T17:07:25.726Z [Data-Generator] info: [medicalGW-01-1] published: mqtt://localhost:1883 things/medicalGW-01-1/sensors/glucose-level-sensor
2020-03-11T17:07:25.726Z [Data-Generator] info: [medicalGW-01-1] published: mqtt://localhost:1883 things/medicalGW-01-1/sensors/motion-detection-sensor
2020-03-11T17:07:25.727Z [Data-Generator] info: [medicalGW-01-1] published: mqtt://localhost:1883 things/medicalGW-01-1/sensors/scale-sensor
2020-03-11T17:07:28.731Z [Data-Generator] info: [medicalGW-01-0] published: mqtt://localhost:1883 things/medicalGW-01-0/sensors/blood-pressure-sensor
2020-03-11T17:07:28.734Z [Data-Generator] info: [medicalGW-01-0] published: mqtt://localhost:1883 things/medicalGW-01-0/sensors/glucose-level-sensor
2020-03-11T17:07:28.734Z [Data-Generator] info: [medicalGW-01-0] published: mqtt://localhost:1883 things/medicalGW-01-0/sensors/motion-detection-sensor
2020-03-11T17:07:28.734Z [Data-Generator] info: [medicalGW-01-0] published: mqtt://localhost:1883 things/medicalGW-01-0/sensors/scale-sensor
2020-03-11T17:07:28.735Z [Data-Generator] info: [medicalGW-01-1] published: mqtt://localhost:1883 things/medicalGW-01-1/sensors/blood-pressure-sensor
2020-03-11T17:07:28.735Z [Data-Generator] info: [medicalGW-01-1] published: mqtt://localhost:1883 things/medicalGW-01-1/sensors/glucose-level-sensor
2020-03-11T17:07:28.735Z [Data-Generator] info: [medicalGW-01-1] published: mqtt://localhost:1883 things/medicalGW-01-1/sensors/motion-detection-sensor
2020-03-11T17:07:28.735Z [Data-Generator] info: [medicalGW-01-1] published: mqtt://localhost:1883 things/medicalGW-01-1/sensors/scale-sensor
2020-03-11T17:07:31.734Z [Data-Generator] info: [medicalGW-01-0] published: mqtt://localhost:1883 things/medicalGW-01-0/sensors/blood-pressure-sensor
2020-03-11T17:07:31.735Z [Data-Generator] info: [medicalGW-01-0] published: mqtt://localhost:1883 things/medicalGW-01-0/sensors/glucose-level-sensor
2020-03-11T17:07:31.735Z [Data-Generator] info: [medicalGW-01-0] published: mqtt://localhost:1883 things/medicalGW-01-0/sensors/motion-detection-sensor
2020-03-11T17:07:31.735Z [Data-Generator] info: [medicalGW-01-0] published: mqtt://localhost:1883 things/medicalGW-01-0/sensors/scale-sensor
2020-03-11T17:07:31.735Z [Data-Generator] info: [medicalGW-01-1] published: mqtt://localhost:1883 things/medicalGW-01-1/sensors/blood-pressure-sensor
2020-03-11T17:07:31.737Z [Data-Generator] info: [medicalGW-01-1] published: mqtt://localhost:1883 things/medicalGW-01-1/sensors/glucose-level-sensor
2020-03-11T17:07:31.737Z [Data-Generator] info: [medicalGW-01-1] published: mqtt://localhost:1883 things/medicalGW-01-1/sensors/motion-detection-sensor
2020-03-11T17:07:31.738Z [Data-Generator] info: [medicalGW-01-1] published: mqtt://localhost:1883 things/medicalGW-01-1/sensors/scale-sensor
2020-03-11T17:07:34.740Z [Data-Generator] info: [medicalGW-01-0] published: mqtt://localhost:1883 things/medicalGW-01-0/sensors/blood-pressure-sensor
2020-03-11T17:07:34.740Z [Data-Generator] info: [medicalGW-01-0] published: mqtt://localhost:1883 things/medicalGW-01-0/sensors/glucose-level-sensor
2020-03-11T17:07:34.740Z [Data-Generator] info: [medicalGW-01-0] published: mqtt://localhost:1883 things/medicalGW-01-0/sensors/motion-detection-sensor
2020-03-11T17:07:34.741Z [Data-Generator] info: [medicalGW-01-0] published: mqtt://localhost:1883 things/medicalGW-01-0/sensors/scale-sensor
2020-03-11T17:07:34.741Z [Data-Generator] info: [medicalGW-01-1] published: mqtt://localhost:1883 things/medicalGW-01-1/sensors/blood-pressure-sensor
2020-03-11T17:07:34.741Z [Data-Generator] info: [medicalGW-01-1] published: mqtt://localhost:1883 things/medicalGW-01-1/sensors/glucose-level-sensor
2020-03-11T17:07:34.741Z [Data-Generator] info: [medicalGW-01-1] published: mqtt://localhost:1883 things/medicalGW-01-1/sensors/motion-detection-sensor
2020-03-11T17:07:34.742Z [Data-Generator] info: [medicalGW-01-1] published: mqtt://localhost:1883 things/medicalGW-01-1/sensors/scale-sensor
2020-03-11T17:07:37.743Z [Data-Generator] info: [medicalGW-01-0] published: mqtt://localhost:1883 things/medicalGW-01-0/sensors/blood-pressure-sensor
2020-03-11T17:07:37.744Z [Data-Generator] info: [medicalGW-01-0] published: mqtt://localhost:1883 things/medicalGW-01-0/sensors/glucose-level-sensor
2020-03-11T17:07:37.744Z [Data-Generator] info: [medicalGW-01-0] published: mqtt://localhost:1883 things/medicalGW-01-0/sensors/motion-detection-sensor
2020-03-11T17:07:37.744Z [Data-Generator] info: [medicalGW-01-0] published: mqtt://localhost:1883 things/medicalGW-01-0/sensors/scale-sensor
2020-03-11T17:07:37.745Z [Data-Generator] info: [medicalGW-01-1] published: mqtt://localhost:1883 things/medicalGW-01-1/sensors/blood-pressure-sensor
2020-03-11T17:07:37.746Z [Data-Generator] info: [medicalGW-01-1] published: mqtt://localhost:1883 things/medicalGW-01-1/sensors/glucose-level-sensor
2020-03-11T17:07:37.746Z [Data-Generator] info: [medicalGW-01-1] published: mqtt://localhost:1883 things/medicalGW-01-1/sensors/motion-detection-sensor
2020-03-11T17:07:37.747Z [Data-Generator] info: [medicalGW-01-1] published: mqtt://localhost:1883 things/medicalGW-01-1/sensors/scale-sensor
2020-03-11T17:07:40.744Z [Data-Generator] info: [medicalGW-01-0] published: mqtt://localhost:1883 things/medicalGW-01-0/sensors/blood-pressure-sensor
2020-03-11T17:07:40.744Z [Data-Generator] info: [medicalGW-01-0] published: mqtt://localhost:1883 things/medicalGW-01-0/sensors/glucose-level-sensor
2020-03-11T17:07:40.746Z [Data-Generator] info: [medicalGW-01-0] published: mqtt://localhost:1883 things/medicalGW-01-0/sensors/motion-detection-sensor
2020-03-11T17:07:40.746Z [Data-Generator] info: [medicalGW-01-0] published: mqtt://localhost:1883 things/medicalGW-01-0/sensors/scale-sensor
2020-03-11T17:07:40.747Z [Data-Generator] info: [medicalGW-01-1] published: mqtt://localhost:1883 things/medicalGW-01-1/sensors/blood-pressure-sensor
2020-03-11T17:07:40.748Z [Data-Generator] info: [medicalGW-01-1] published: mqtt://localhost:1883 things/medicalGW-01-1/sensors/glucose-level-sensor
2020-03-11T17:07:40.748Z [Data-Generator] info: [medicalGW-01-1] published: mqtt://localhost:1883 things/medicalGW-01-1/sensors/motion-detection-sensor
2020-03-11T17:07:40.748Z [Data-Generator] info: [medicalGW-01-1] published: mqtt://localhost:1883 things/medicalGW-01-1/sensors/scale-sensor
2020-03-11T17:07:43.744Z [Data-Generator] info: [medicalGW-01-0] published: mqtt://localhost:1883 things/medicalGW-01-0/sensors/blood-pressure-sensor
2020-03-11T17:07:43.747Z [Data-Generator] info: [medicalGW-01-0] published: mqtt://localhost:1883 things/medicalGW-01-0/sensors/glucose-level-sensor
2020-03-11T17:07:43.747Z [Data-Generator] info: [medicalGW-01-0] published: mqtt://localhost:1883 things/medicalGW-01-0/sensors/motion-detection-sensor
2020-03-11T17:07:43.748Z [Data-Generator] info: [medicalGW-01-0] published: mqtt://localhost:1883 things/medicalGW-01-0/sensors/scale-sensor
2020-03-11T17:07:43.748Z [Data-Generator] info: [medicalGW-01-1] published: mqtt://localhost:1883 things/medicalGW-01-1/sensors/blood-pressure-sensor
2020-03-11T17:07:43.749Z [Data-Generator] info: [medicalGW-01-1] published: mqtt://localhost:1883 things/medicalGW-01-1/sensors/glucose-level-sensor
2020-03-11T17:07:43.750Z [Data-Generator] info: [medicalGW-01-1] published: mqtt://localhost:1883 things/medicalGW-01-1/sensors/motion-detection-sensor
2020-03-11T17:07:43.750Z [Data-Generator] info: [medicalGW-01-1] published: mqtt://localhost:1883 things/medicalGW-01-1/sensors/scale-sensor
2020-03-11T17:07:46.749Z [Data-Generator] info: [medicalGW-01-0] published: mqtt://localhost:1883 things/medicalGW-01-0/sensors/blood-pressure-sensor
2020-03-11T17:07:46.749Z [Data-Generator] info: [medicalGW-01-0] published: mqtt://localhost:1883 things/medicalGW-01-0/sensors/glucose-level-sensor
2020-03-11T17:07:46.749Z [Data-Generator] info: [medicalGW-01-0] published: mqtt://localhost:1883 things/medicalGW-01-0/sensors/motion-detection-sensor
2020-03-11T17:07:46.750Z [Data-Generator] info: [medicalGW-01-0] published: mqtt://localhost:1883 things/medicalGW-01-0/sensors/scale-sensor
2020-03-11T17:07:46.750Z [Data-Generator] info: [medicalGW-01-1] published: mqtt://localhost:1883 things/medicalGW-01-1/sensors/blood-pressure-sensor
2020-03-11T17:07:46.750Z [Data-Generator] info: [medicalGW-01-1] published: mqtt://localhost:1883 things/medicalGW-01-1/sensors/glucose-level-sensor
2020-03-11T17:07:46.750Z [Data-Generator] info: [medicalGW-01-1] published: mqtt://localhost:1883 things/medicalGW-01-1/sensors/motion-detection-sensor
2020-03-11T17:07:46.751Z [Data-Generator] info: [medicalGW-01-1] published: mqtt://localhost:1883 things/medicalGW-01-1/sensors/scale-sensor
2020-03-11T17:07:49.753Z [Data-Generator] info: [medicalGW-01-0] published: mqtt://localhost:1883 things/medicalGW-01-0/sensors/blood-pressure-sensor
2020-03-11T17:07:49.754Z [Data-Generator] info: [medicalGW-01-0] published: mqtt://localhost:1883 things/medicalGW-01-0/sensors/glucose-level-sensor
2020-03-11T17:07:49.754Z [Data-Generator] info: [medicalGW-01-0] published: mqtt://localhost:1883 things/medicalGW-01-0/sensors/motion-detection-sensor
2020-03-11T17:07:49.754Z [Data-Generator] info: [medicalGW-01-0] published: mqtt://localhost:1883 things/medicalGW-01-0/sensors/scale-sensor
2020-03-11T17:07:49.754Z [Data-Generator] info: [medicalGW-01-1] published: mqtt://localhost:1883 things/medicalGW-01-1/sensors/blood-pressure-sensor
2020-03-11T17:07:49.755Z [Data-Generator] info: [medicalGW-01-1] published: mqtt://localhost:1883 things/medicalGW-01-1/sensors/glucose-level-sensor
2020-03-11T17:07:49.755Z [Data-Generator] info: [medicalGW-01-1] published: mqtt://localhost:1883 things/medicalGW-01-1/sensors/motion-detection-sensor
2020-03-11T17:07:49.755Z [Data-Generator] info: [medicalGW-01-1] published: mqtt://localhost:1883 things/medicalGW-01-1/sensors/scale-sensor
2020-03-11T17:07:52.756Z [Data-Generator] info: [medicalGW-01-0] published: mqtt://localhost:1883 things/medicalGW-01-0/sensors/blood-pressure-sensor
2020-03-11T17:07:52.756Z [Data-Generator] info: [medicalGW-01-0] published: mqtt://localhost:1883 things/medicalGW-01-0/sensors/glucose-level-sensor
2020-03-11T17:07:52.756Z [Data-Generator] info: [medicalGW-01-0] published: mqtt://localhost:1883 things/medicalGW-01-0/sensors/motion-detection-sensor
2020-03-11T17:07:52.757Z [Data-Generator] info: [medicalGW-01-0] published: mqtt://localhost:1883 things/medicalGW-01-0/sensors/scale-sensor
2020-03-11T17:07:52.757Z [Data-Generator] info: [medicalGW-01-1] published: mqtt://localhost:1883 things/medicalGW-01-1/sensors/blood-pressure-sensor
2020-03-11T17:07:52.757Z [Data-Generator] info: [medicalGW-01-1] published: mqtt://localhost:1883 things/medicalGW-01-1/sensors/glucose-level-sensor
2020-03-11T17:07:52.757Z [Data-Generator] info: [medicalGW-01-1] published: mqtt://localhost:1883 things/medicalGW-01-1/sensors/motion-detection-sensor
2020-03-11T17:07:52.757Z [Data-Generator] info: [medicalGW-01-1] published: mqtt://localhost:1883 things/medicalGW-01-1/sensors/scale-sensor
2020-03-11T17:07:55.756Z [Data-Generator] info: [medicalGW-01-0] published: mqtt://localhost:1883 things/medicalGW-01-0/sensors/blood-pressure-sensor
2020-03-11T17:07:55.756Z [Data-Generator] info: [medicalGW-01-0] published: mqtt://localhost:1883 things/medicalGW-01-0/sensors/glucose-level-sensor
2020-03-11T17:07:55.757Z [Data-Generator] info: [medicalGW-01-0] published: mqtt://localhost:1883 things/medicalGW-01-0/sensors/motion-detection-sensor
2020-03-11T17:07:55.758Z [Data-Generator] info: [medicalGW-01-0] published: mqtt://localhost:1883 things/medicalGW-01-0/sensors/scale-sensor
2020-03-11T17:07:55.759Z [Data-Generator] info: [medicalGW-01-1] published: mqtt://localhost:1883 things/medicalGW-01-1/sensors/blood-pressure-sensor
2020-03-11T17:07:55.760Z [Data-Generator] info: [medicalGW-01-1] published: mqtt://localhost:1883 things/medicalGW-01-1/sensors/glucose-level-sensor
2020-03-11T17:07:55.760Z [Data-Generator] info: [medicalGW-01-1] published: mqtt://localhost:1883 things/medicalGW-01-1/sensors/motion-detection-sensor
2020-03-11T17:07:55.760Z [Data-Generator] info: [medicalGW-01-1] published: mqtt://localhost:1883 things/medicalGW-01-1/sensors/scale-sensor
2020-03-11T17:07:58.756Z [Data-Generator] info: [medicalGW-01-0] published: mqtt://localhost:1883 things/medicalGW-01-0/sensors/blood-pressure-sensor
2020-03-11T17:07:58.758Z [Data-Generator] info: [medicalGW-01-0] published: mqtt://localhost:1883 things/medicalGW-01-0/sensors/glucose-level-sensor
2020-03-11T17:07:58.759Z [Data-Generator] info: [medicalGW-01-0] published: mqtt://localhost:1883 things/medicalGW-01-0/sensors/motion-detection-sensor
2020-03-11T17:07:58.760Z [Data-Generator] info: [medicalGW-01-0] published: mqtt://localhost:1883 things/medicalGW-01-0/sensors/scale-sensor
2020-03-11T17:07:58.760Z [Data-Generator] info: [medicalGW-01-1] published: mqtt://localhost:1883 things/medicalGW-01-1/sensors/blood-pressure-sensor
2020-03-11T17:07:58.760Z [Data-Generator] info: [medicalGW-01-1] published: mqtt://localhost:1883 things/medicalGW-01-1/sensors/glucose-level-sensor
2020-03-11T17:07:58.761Z [Data-Generator] info: [medicalGW-01-1] published: mqtt://localhost:1883 things/medicalGW-01-1/sensors/motion-detection-sensor
2020-03-11T17:07:58.761Z [Data-Generator] info: [medicalGW-01-1] published: mqtt://localhost:1883 things/medicalGW-01-1/sensors/scale-sensor
2020-03-11T17:08:01.757Z [Data-Generator] info: [medicalGW-01-0] published: mqtt://localhost:1883 things/medicalGW-01-0/sensors/blood-pressure-sensor
2020-03-11T17:08:01.758Z [Data-Generator] info: [medicalGW-01-0] published: mqtt://localhost:1883 things/medicalGW-01-0/sensors/glucose-level-sensor
2020-03-11T17:08:01.759Z [Data-Generator] info: [medicalGW-01-0] published: mqtt://localhost:1883 things/medicalGW-01-0/sensors/motion-detection-sensor
2020-03-11T17:08:01.759Z [Data-Generator] info: [medicalGW-01-0] published: mqtt://localhost:1883 things/medicalGW-01-0/sensors/scale-sensor
2020-03-11T17:08:01.760Z [Data-Generator] info: [medicalGW-01-1] published: mqtt://localhost:1883 things/medicalGW-01-1/sensors/blood-pressure-sensor
2020-03-11T17:08:01.760Z [Data-Generator] info: [medicalGW-01-1] published: mqtt://localhost:1883 things/medicalGW-01-1/sensors/glucose-level-sensor
2020-03-11T17:08:01.761Z [Data-Generator] info: [medicalGW-01-1] published: mqtt://localhost:1883 things/medicalGW-01-1/sensors/motion-detection-sensor
2020-03-11T17:08:01.761Z [Data-Generator] info: [medicalGW-01-1] published: mqtt://localhost:1883 things/medicalGW-01-1/sensors/scale-sensor
2020-03-11T17:08:04.756Z [Data-Generator] info: [medicalGW-01-0] published: mqtt://localhost:1883 things/medicalGW-01-0/sensors/blood-pressure-sensor
2020-03-11T17:08:04.758Z [Data-Generator] info: [medicalGW-01-0] published: mqtt://localhost:1883 things/medicalGW-01-0/sensors/glucose-level-sensor
2020-03-11T17:08:04.760Z [Data-Generator] info: [medicalGW-01-0] published: mqtt://localhost:1883 things/medicalGW-01-0/sensors/motion-detection-sensor
2020-03-11T17:08:04.760Z [Data-Generator] info: [medicalGW-01-0] published: mqtt://localhost:1883 things/medicalGW-01-0/sensors/scale-sensor
2020-03-11T17:08:04.761Z [Data-Generator] info: [medicalGW-01-1] published: mqtt://localhost:1883 things/medicalGW-01-1/sensors/blood-pressure-sensor
2020-03-11T17:08:04.762Z [Data-Generator] info: [medicalGW-01-1] published: mqtt://localhost:1883 things/medicalGW-01-1/sensors/glucose-level-sensor
2020-03-11T17:08:04.762Z [Data-Generator] info: [medicalGW-01-1] published: mqtt://localhost:1883 things/medicalGW-01-1/sensors/motion-detection-sensor
2020-03-11T17:08:04.762Z [Data-Generator] info: [medicalGW-01-1] published: mqtt://localhost:1883 things/medicalGW-01-1/sensors/scale-sensor
2020-03-11T17:08:07.757Z [Data-Generator] info: [medicalGW-01-0] published: mqtt://localhost:1883 things/medicalGW-01-0/sensors/blood-pressure-sensor
2020-03-11T17:08:07.758Z [Data-Generator] info: [medicalGW-01-0] published: mqtt://localhost:1883 things/medicalGW-01-0/sensors/glucose-level-sensor
2020-03-11T17:08:07.760Z [Data-Generator] info: [medicalGW-01-0] published: mqtt://localhost:1883 things/medicalGW-01-0/sensors/motion-detection-sensor
2020-03-11T17:08:07.761Z [Data-Generator] info: [medicalGW-01-0] published: mqtt://localhost:1883 things/medicalGW-01-0/sensors/scale-sensor
2020-03-11T17:08:07.763Z [Data-Generator] info: [medicalGW-01-1] published: mqtt://localhost:1883 things/medicalGW-01-1/sensors/blood-pressure-sensor
2020-03-11T17:08:07.766Z [Data-Generator] info: [medicalGW-01-1] published: mqtt://localhost:1883 things/medicalGW-01-1/sensors/glucose-level-sensor
2020-03-11T17:08:07.766Z [Data-Generator] info: [medicalGW-01-1] published: mqtt://localhost:1883 things/medicalGW-01-1/sensors/motion-detection-sensor
2020-03-11T17:08:07.769Z [Data-Generator] info: [medicalGW-01-1] published: mqtt://localhost:1883 things/medicalGW-01-1/sensors/scale-sensor
2020-03-11T17:08:10.756Z [Data-Generator] info: [medicalGW-01-0] published: mqtt://localhost:1883 things/medicalGW-01-0/sensors/blood-pressure-sensor
2020-03-11T17:08:10.759Z [Data-Generator] info: [medicalGW-01-0] published: mqtt://localhost:1883 things/medicalGW-01-0/sensors/glucose-level-sensor
2020-03-11T17:08:10.763Z [Data-Generator] info: [medicalGW-01-0] published: mqtt://localhost:1883 things/medicalGW-01-0/sensors/motion-detection-sensor
2020-03-11T17:08:10.763Z [Data-Generator] info: [medicalGW-01-0] published: mqtt://localhost:1883 things/medicalGW-01-0/sensors/scale-sensor
2020-03-11T17:08:10.764Z [Data-Generator] info: [medicalGW-01-1] published: mqtt://localhost:1883 things/medicalGW-01-1/sensors/blood-pressure-sensor
2020-03-11T17:08:10.766Z [Data-Generator] info: [medicalGW-01-1] published: mqtt://localhost:1883 things/medicalGW-01-1/sensors/glucose-level-sensor
2020-03-11T17:08:10.767Z [Data-Generator] info: [medicalGW-01-1] published: mqtt://localhost:1883 things/medicalGW-01-1/sensors/motion-detection-sensor
2020-03-11T17:08:10.771Z [Data-Generator] info: [medicalGW-01-1] published: mqtt://localhost:1883 things/medicalGW-01-1/sensors/scale-sensor
2020-03-11T17:08:13.757Z [Data-Generator] info: [medicalGW-01-0] published: mqtt://localhost:1883 things/medicalGW-01-0/sensors/blood-pressure-sensor
2020-03-11T17:08:13.758Z [Data-Generator] info: [medicalGW-01-0] published: mqtt://localhost:1883 things/medicalGW-01-0/sensors/glucose-level-sensor
2020-03-11T17:08:13.766Z [Data-Generator] info: [medicalGW-01-0] published: mqtt://localhost:1883 things/medicalGW-01-0/sensors/motion-detection-sensor
2020-03-11T17:08:13.767Z [Data-Generator] info: [medicalGW-01-0] published: mqtt://localhost:1883 things/medicalGW-01-0/sensors/scale-sensor
2020-03-11T17:08:13.767Z [Data-Generator] info: [medicalGW-01-1] published: mqtt://localhost:1883 things/medicalGW-01-1/sensors/blood-pressure-sensor
2020-03-11T17:08:13.767Z [Data-Generator] info: [medicalGW-01-1] published: mqtt://localhost:1883 things/medicalGW-01-1/sensors/glucose-level-sensor
2020-03-11T17:08:13.768Z [Data-Generator] info: [medicalGW-01-1] published: mqtt://localhost:1883 things/medicalGW-01-1/sensors/motion-detection-sensor
2020-03-11T17:08:13.771Z [Data-Generator] info: [medicalGW-01-1] published: mqtt://localhost:1883 things/medicalGW-01-1/sensors/scale-sensor
2020-03-11T17:08:16.758Z [Data-Generator] info: [medicalGW-01-0] published: mqtt://localhost:1883 things/medicalGW-01-0/sensors/blood-pressure-sensor
2020-03-11T17:08:16.759Z [Data-Generator] info: [medicalGW-01-0] published: mqtt://localhost:1883 things/medicalGW-01-0/sensors/glucose-level-sensor
2020-03-11T17:08:16.768Z [Data-Generator] info: [medicalGW-01-0] published: mqtt://localhost:1883 things/medicalGW-01-0/sensors/motion-detection-sensor
2020-03-11T17:08:16.769Z [Data-Generator] info: [medicalGW-01-0] published: mqtt://localhost:1883 things/medicalGW-01-0/sensors/scale-sensor
2020-03-11T17:08:16.769Z [Data-Generator] info: [medicalGW-01-1] published: mqtt://localhost:1883 things/medicalGW-01-1/sensors/blood-pressure-sensor
2020-03-11T17:08:16.769Z [Data-Generator] info: [medicalGW-01-1] published: mqtt://localhost:1883 things/medicalGW-01-1/sensors/glucose-level-sensor
2020-03-11T17:08:16.769Z [Data-Generator] info: [medicalGW-01-1] published: mqtt://localhost:1883 things/medicalGW-01-1/sensors/motion-detection-sensor
2020-03-11T17:08:16.771Z [Data-Generator] info: [medicalGW-01-1] published: mqtt://localhost:1883 things/medicalGW-01-1/sensors/scale-sensor
2020-03-11T17:08:19.765Z [Data-Generator] info: [medicalGW-01-0] published: mqtt://localhost:1883 things/medicalGW-01-0/sensors/blood-pressure-sensor
2020-03-11T17:08:19.765Z [Data-Generator] info: [medicalGW-01-0] published: mqtt://localhost:1883 things/medicalGW-01-0/sensors/glucose-level-sensor
2020-03-11T17:08:19.769Z [Data-Generator] info: [medicalGW-01-0] published: mqtt://localhost:1883 things/medicalGW-01-0/sensors/motion-detection-sensor
2020-03-11T17:08:19.769Z [Data-Generator] info: [medicalGW-01-0] published: mqtt://localhost:1883 things/medicalGW-01-0/sensors/scale-sensor
2020-03-11T17:08:19.769Z [Data-Generator] info: [medicalGW-01-1] published: mqtt://localhost:1883 things/medicalGW-01-1/sensors/blood-pressure-sensor
2020-03-11T17:08:19.769Z [Data-Generator] info: [medicalGW-01-1] published: mqtt://localhost:1883 things/medicalGW-01-1/sensors/glucose-level-sensor
2020-03-11T17:08:19.770Z [Data-Generator] info: [medicalGW-01-1] published: mqtt://localhost:1883 things/medicalGW-01-1/sensors/motion-detection-sensor
2020-03-11T17:08:19.771Z [Data-Generator] info: [medicalGW-01-1] published: mqtt://localhost:1883 things/medicalGW-01-1/sensors/scale-sensor
2020-03-11T17:08:22.765Z [Data-Generator] info: [medicalGW-01-0] published: mqtt://localhost:1883 things/medicalGW-01-0/sensors/blood-pressure-sensor
2020-03-11T17:08:22.765Z [Data-Generator] info: [medicalGW-01-0] published: mqtt://localhost:1883 things/medicalGW-01-0/sensors/glucose-level-sensor
2020-03-11T17:08:22.769Z [Data-Generator] info: [medicalGW-01-0] published: mqtt://localhost:1883 things/medicalGW-01-0/sensors/motion-detection-sensor
2020-03-11T17:08:22.769Z [Data-Generator] info: [medicalGW-01-0] published: mqtt://localhost:1883 things/medicalGW-01-0/sensors/scale-sensor
2020-03-11T17:08:22.769Z [Data-Generator] info: [medicalGW-01-1] published: mqtt://localhost:1883 things/medicalGW-01-1/sensors/blood-pressure-sensor
2020-03-11T17:08:22.769Z [Data-Generator] info: [medicalGW-01-1] published: mqtt://localhost:1883 things/medicalGW-01-1/sensors/glucose-level-sensor
2020-03-11T17:08:22.772Z [Data-Generator] info: [medicalGW-01-1] published: mqtt://localhost:1883 things/medicalGW-01-1/sensors/motion-detection-sensor
2020-03-11T17:08:22.772Z [Data-Generator] info: [medicalGW-01-1] published: mqtt://localhost:1883 things/medicalGW-01-1/sensors/scale-sensor
2020-03-11T17:08:25.767Z [Data-Generator] info: [medicalGW-01-0] published: mqtt://localhost:1883 things/medicalGW-01-0/sensors/blood-pressure-sensor
2020-03-11T17:08:25.768Z [Data-Generator] info: [medicalGW-01-0] published: mqtt://localhost:1883 things/medicalGW-01-0/sensors/glucose-level-sensor
2020-03-11T17:08:25.769Z [Data-Generator] info: [medicalGW-01-0] published: mqtt://localhost:1883 things/medicalGW-01-0/sensors/motion-detection-sensor
2020-03-11T17:08:25.769Z [Data-Generator] info: [medicalGW-01-0] published: mqtt://localhost:1883 things/medicalGW-01-0/sensors/scale-sensor
2020-03-11T17:08:25.770Z [Data-Generator] info: [medicalGW-01-1] published: mqtt://localhost:1883 things/medicalGW-01-1/sensors/blood-pressure-sensor
2020-03-11T17:08:25.773Z [Data-Generator] info: [medicalGW-01-1] published: mqtt://localhost:1883 things/medicalGW-01-1/sensors/glucose-level-sensor
2020-03-11T17:08:25.773Z [Data-Generator] info: [medicalGW-01-1] published: mqtt://localhost:1883 things/medicalGW-01-1/sensors/motion-detection-sensor
2020-03-11T17:08:25.773Z [Data-Generator] info: [medicalGW-01-1] published: mqtt://localhost:1883 things/medicalGW-01-1/sensors/scale-sensor
2020-03-11T17:08:28.768Z [Data-Generator] info: [medicalGW-01-0] published: mqtt://localhost:1883 things/medicalGW-01-0/sensors/blood-pressure-sensor
2020-03-11T17:08:28.770Z [Data-Generator] info: [medicalGW-01-0] published: mqtt://localhost:1883 things/medicalGW-01-0/sensors/glucose-level-sensor
2020-03-11T17:08:28.772Z [Data-Generator] info: [medicalGW-01-0] published: mqtt://localhost:1883 things/medicalGW-01-0/sensors/motion-detection-sensor
2020-03-11T17:08:28.772Z [Data-Generator] info: [medicalGW-01-0] published: mqtt://localhost:1883 things/medicalGW-01-0/sensors/scale-sensor
2020-03-11T17:08:28.772Z [Data-Generator] info: [medicalGW-01-1] published: mqtt://localhost:1883 things/medicalGW-01-1/sensors/blood-pressure-sensor
2020-03-11T17:08:28.773Z [Data-Generator] info: [medicalGW-01-1] published: mqtt://localhost:1883 things/medicalGW-01-1/sensors/glucose-level-sensor
2020-03-11T17:08:28.773Z [Data-Generator] info: [medicalGW-01-1] published: mqtt://localhost:1883 things/medicalGW-01-1/sensors/motion-detection-sensor
2020-03-11T17:08:28.773Z [Data-Generator] info: [medicalGW-01-1] published: mqtt://localhost:1883 things/medicalGW-01-1/sensors/scale-sensor
2020-03-11T17:08:31.768Z [Data-Generator] info: [medicalGW-01-0] published: mqtt://localhost:1883 things/medicalGW-01-0/sensors/blood-pressure-sensor
2020-03-11T17:08:31.770Z [Data-Generator] info: [medicalGW-01-0] published: mqtt://localhost:1883 things/medicalGW-01-0/sensors/glucose-level-sensor
2020-03-11T17:08:31.772Z [Data-Generator] info: [medicalGW-01-0] published: mqtt://localhost:1883 things/medicalGW-01-0/sensors/motion-detection-sensor
2020-03-11T17:08:31.773Z [Data-Generator] info: [medicalGW-01-0] published: mqtt://localhost:1883 things/medicalGW-01-0/sensors/scale-sensor
2020-03-11T17:08:31.773Z [Data-Generator] info: [medicalGW-01-1] published: mqtt://localhost:1883 things/medicalGW-01-1/sensors/blood-pressure-sensor
2020-03-11T17:08:31.776Z [Data-Generator] info: [medicalGW-01-1] published: mqtt://localhost:1883 things/medicalGW-01-1/sensors/glucose-level-sensor
2020-03-11T17:08:31.776Z [Data-Generator] info: [medicalGW-01-1] published: mqtt://localhost:1883 things/medicalGW-01-1/sensors/motion-detection-sensor
2020-03-11T17:08:31.777Z [Data-Generator] info: [medicalGW-01-1] published: mqtt://localhost:1883 things/medicalGW-01-1/sensors/scale-sensor
2020-03-11T17:08:34.770Z [Data-Generator] info: [medicalGW-01-0] published: mqtt://localhost:1883 things/medicalGW-01-0/sensors/blood-pressure-sensor
2020-03-11T17:08:34.771Z [Data-Generator] info: [medicalGW-01-0] published: mqtt://localhost:1883 things/medicalGW-01-0/sensors/glucose-level-sensor
2020-03-11T17:08:34.773Z [Data-Generator] info: [medicalGW-01-0] published: mqtt://localhost:1883 things/medicalGW-01-0/sensors/motion-detection-sensor
2020-03-11T17:08:34.773Z [Data-Generator] info: [medicalGW-01-0] published: mqtt://localhost:1883 things/medicalGW-01-0/sensors/scale-sensor
2020-03-11T17:08:34.773Z [Data-Generator] info: [medicalGW-01-1] published: mqtt://localhost:1883 things/medicalGW-01-1/sensors/blood-pressure-sensor
2020-03-11T17:08:34.777Z [Data-Generator] info: [medicalGW-01-1] published: mqtt://localhost:1883 things/medicalGW-01-1/sensors/glucose-level-sensor
2020-03-11T17:08:34.777Z [Data-Generator] info: [medicalGW-01-1] published: mqtt://localhost:1883 things/medicalGW-01-1/sensors/motion-detection-sensor
2020-03-11T17:08:34.777Z [Data-Generator] info: [medicalGW-01-1] published: mqtt://localhost:1883 things/medicalGW-01-1/sensors/scale-sensor
2020-03-11T17:08:37.775Z [Data-Generator] info: [medicalGW-01-0] published: mqtt://localhost:1883 things/medicalGW-01-0/sensors/blood-pressure-sensor
2020-03-11T17:08:37.776Z [Data-Generator] info: [medicalGW-01-0] published: mqtt://localhost:1883 things/medicalGW-01-0/sensors/glucose-level-sensor
2020-03-11T17:08:37.776Z [Data-Generator] info: [medicalGW-01-0] published: mqtt://localhost:1883 things/medicalGW-01-0/sensors/motion-detection-sensor
2020-03-11T17:08:37.776Z [Data-Generator] info: [medicalGW-01-0] published: mqtt://localhost:1883 things/medicalGW-01-0/sensors/scale-sensor
2020-03-11T17:08:37.776Z [Data-Generator] info: [medicalGW-01-1] published: mqtt://localhost:1883 things/medicalGW-01-1/sensors/blood-pressure-sensor
2020-03-11T17:08:37.777Z [Data-Generator] info: [medicalGW-01-1] published: mqtt://localhost:1883 things/medicalGW-01-1/sensors/glucose-level-sensor
2020-03-11T17:08:37.777Z [Data-Generator] info: [medicalGW-01-1] published: mqtt://localhost:1883 things/medicalGW-01-1/sensors/motion-detection-sensor
2020-03-11T17:08:37.777Z [Data-Generator] info: [medicalGW-01-1] published: mqtt://localhost:1883 things/medicalGW-01-1/sensors/scale-sensor
2020-03-11T17:08:40.778Z [Data-Generator] info: [medicalGW-01-0] published: mqtt://localhost:1883 things/medicalGW-01-0/sensors/blood-pressure-sensor
2020-03-11T17:08:40.778Z [Data-Generator] info: [medicalGW-01-0] published: mqtt://localhost:1883 things/medicalGW-01-0/sensors/glucose-level-sensor
2020-03-11T17:08:40.778Z [Data-Generator] info: [medicalGW-01-0] published: mqtt://localhost:1883 things/medicalGW-01-0/sensors/motion-detection-sensor
2020-03-11T17:08:40.779Z [Data-Generator] info: [medicalGW-01-0] published: mqtt://localhost:1883 things/medicalGW-01-0/sensors/scale-sensor
2020-03-11T17:08:40.779Z [Data-Generator] info: [medicalGW-01-1] published: mqtt://localhost:1883 things/medicalGW-01-1/sensors/blood-pressure-sensor
2020-03-11T17:08:40.779Z [Data-Generator] info: [medicalGW-01-1] published: mqtt://localhost:1883 things/medicalGW-01-1/sensors/glucose-level-sensor
2020-03-11T17:08:40.779Z [Data-Generator] info: [medicalGW-01-1] published: mqtt://localhost:1883 things/medicalGW-01-1/sensors/motion-detection-sensor
2020-03-11T17:08:40.779Z [Data-Generator] info: [medicalGW-01-1] published: mqtt://localhost:1883 things/medicalGW-01-1/sensors/scale-sensor
2020-03-11T17:08:43.783Z [Data-Generator] info: [medicalGW-01-0] published: mqtt://localhost:1883 things/medicalGW-01-0/sensors/blood-pressure-sensor
2020-03-11T17:08:43.784Z [Data-Generator] info: [medicalGW-01-0] published: mqtt://localhost:1883 things/medicalGW-01-0/sensors/glucose-level-sensor
2020-03-11T17:08:43.784Z [Data-Generator] info: [medicalGW-01-0] published: mqtt://localhost:1883 things/medicalGW-01-0/sensors/motion-detection-sensor
2020-03-11T17:08:43.784Z [Data-Generator] info: [medicalGW-01-0] published: mqtt://localhost:1883 things/medicalGW-01-0/sensors/scale-sensor
2020-03-11T17:08:43.784Z [Data-Generator] info: [medicalGW-01-1] published: mqtt://localhost:1883 things/medicalGW-01-1/sensors/blood-pressure-sensor
2020-03-11T17:08:43.785Z [Data-Generator] info: [medicalGW-01-1] published: mqtt://localhost:1883 things/medicalGW-01-1/sensors/glucose-level-sensor
2020-03-11T17:08:43.785Z [Data-Generator] info: [medicalGW-01-1] published: mqtt://localhost:1883 things/medicalGW-01-1/sensors/motion-detection-sensor
2020-03-11T17:08:43.785Z [Data-Generator] info: [medicalGW-01-1] published: mqtt://localhost:1883 things/medicalGW-01-1/sensors/scale-sensor
2020-03-11T17:08:46.785Z [Data-Generator] info: [medicalGW-01-0] published: mqtt://localhost:1883 things/medicalGW-01-0/sensors/blood-pressure-sensor
2020-03-11T17:08:46.785Z [Data-Generator] info: [medicalGW-01-0] published: mqtt://localhost:1883 things/medicalGW-01-0/sensors/glucose-level-sensor
2020-03-11T17:08:46.785Z [Data-Generator] info: [medicalGW-01-0] published: mqtt://localhost:1883 things/medicalGW-01-0/sensors/motion-detection-sensor
2020-03-11T17:08:46.785Z [Data-Generator] info: [medicalGW-01-0] published: mqtt://localhost:1883 things/medicalGW-01-0/sensors/scale-sensor
2020-03-11T17:08:46.785Z [Data-Generator] info: [medicalGW-01-1] published: mqtt://localhost:1883 things/medicalGW-01-1/sensors/blood-pressure-sensor
2020-03-11T17:08:46.786Z [Data-Generator] info: [medicalGW-01-1] published: mqtt://localhost:1883 things/medicalGW-01-1/sensors/glucose-level-sensor
2020-03-11T17:08:46.786Z [Data-Generator] info: [medicalGW-01-1] published: mqtt://localhost:1883 things/medicalGW-01-1/sensors/motion-detection-sensor
2020-03-11T17:08:46.786Z [Data-Generator] info: [medicalGW-01-1] published: mqtt://localhost:1883 things/medicalGW-01-1/sensors/scale-sensor
2020-03-12T14:17:41.437Z [Data-Generator] info: [ENACTDB] Connection string: 
2020-03-12T14:17:41.472Z [Data-Generator] error: (node:16107) DeprecationWarning: current Server Discovery and Monitoring engine is deprecated, and will be removed in a future version. To use the new Server Discover and Monitoring engine, pass option { useUnifiedTopology: true } to the MongoClient constructor.
2020-03-12T14:17:41.684Z [Data-Generator] info: [ENACTDB] New connection to database has been established!
2020-03-12T14:17:41.684Z [Data-Generator] info: [Data-Generator] Connected to database
2020-03-12T14:17:41.685Z [Data-Generator] info: [Data-Generator] Generate randomly data integer and publish the data in every 3 seconds
2020-03-12T14:17:41.685Z [Data-Generator] info: [Data-Generator] Start Time 1584022661685 and duration time 10 seconds
2020-03-12T14:17:41.685Z [Data-Generator] info: [Data-Generator] Generate randomly data enum and publish the data in every 3 seconds
2020-03-12T14:17:41.689Z [Data-Generator] info: [Data-Generator] Start Time 1584022661685 and duration time 10 seconds
2020-03-12T14:17:41.689Z [Data-Generator] info: [Data-Generator] Generate randomly data boolean and publish the data in every 3 seconds
2020-03-12T14:17:41.690Z [Data-Generator] info: [Data-Generator] Start Time 1584022661689 and duration time 10 seconds
2020-03-12T14:17:41.691Z [Data-Generator] info: [Data-Generator] Generate randomly data double and publish the data in every 3 seconds
2020-03-12T14:17:41.692Z [Data-Generator] info: [Data-Generator] Start Time 1584022661691 and duration time 10 seconds
2020-03-12T14:17:41.693Z [Data-Generator] info: [Data-Generator] Generate randomly data double and publish the data in every 5 seconds
2020-03-12T14:17:41.694Z [Data-Generator] info: [Data-Generator] Start Time 1584022661693 and duration time 20 seconds
2020-03-12T14:17:41.695Z [Data-Generator] info: [Data-Generator] Generate randomly data enum and publish the data in every 5 seconds
2020-03-12T14:17:41.695Z [Data-Generator] info: [Data-Generator] Start Time 1584022661695 and duration time 20 seconds
2020-03-12T14:17:44.720Z [Data-Generator] info: [blood-pressure-sensor] 1584022664688 100
2020-03-12T14:17:44.731Z [Data-Generator] info: [motion-detection-sensor] 1584022664711 0
2020-03-12T14:17:44.731Z [Data-Generator] info: [glucose-level-sensor] 1584022664709 "Excellent"
2020-03-12T14:17:44.739Z [Data-Generator] info: [scale-sensor] 1584022664712 54
2020-03-12T14:17:46.706Z [Data-Generator] info: [light-intensity-actuator] 1584022666700 9.45
2020-03-12T14:17:46.707Z [Data-Generator] info: [heating-level-actuator] 1584022666703 2
2020-03-12T14:17:47.694Z [Data-Generator] info: [blood-pressure-sensor] 1584022667692 105
2020-03-12T14:17:47.716Z [Data-Generator] info: [glucose-level-sensor] 1584022667712 "Good"
2020-03-12T14:17:47.717Z [Data-Generator] info: [motion-detection-sensor] 1584022667714 0
2020-03-12T14:17:47.717Z [Data-Generator] info: [scale-sensor] 1584022667715 54.27
2020-03-12T14:17:50.699Z [Data-Generator] info: [blood-pressure-sensor] 1584022670695 105
2020-03-12T14:17:50.713Z [Data-Generator] info: [glucose-level-sensor] 1584022670712 "Acceptable"
2020-03-12T14:17:50.717Z [Data-Generator] info: [motion-detection-sensor] 1584022670713 0
2020-03-12T14:17:50.717Z [Data-Generator] info: [scale-sensor] 1584022670715 54.62
2020-03-12T14:17:51.705Z [Data-Generator] info: [light-intensity-actuator] 1584022671702 8.44
2020-03-12T14:17:51.706Z [Data-Generator] info: [heating-level-actuator] 1584022671704 5
2020-03-12T14:17:53.696Z [Data-Generator] info: [blood-pressure-sensor] Stopped generating data!
2020-03-12T14:17:53.696Z [Data-Generator] info: [ENACTDB] Going to close the connection
2020-03-12T14:17:53.699Z [Data-Generator] error: [Data-Generator] Failed to save generated data of sensor blood-pressure-sensor
2020-03-12T14:17:53.712Z [Data-Generator] info: [glucose-level-sensor] Stopped generating data!
2020-03-12T14:17:53.713Z [Data-Generator] info: [ENACTDB] Going to close the connection
2020-03-12T14:17:53.714Z [Data-Generator] info: [motion-detection-sensor] Stopped generating data!
2020-03-12T14:17:53.714Z [Data-Generator] info: [ENACTDB] Going to close the connection
2020-03-12T14:17:53.716Z [Data-Generator] info: [scale-sensor] Stopped generating data!
2020-03-12T14:17:53.717Z [Data-Generator] info: [ENACTDB] Going to close the connection
2020-03-12T14:18:01.707Z [Data-Generator] info: [light-intensity-actuator] Stopped generating data!
2020-03-12T14:18:01.707Z [Data-Generator] info: [ENACTDB] Going to close the connection
2020-03-12T14:18:01.708Z [Data-Generator] info: [heating-level-actuator] Stopped generating data!
2020-03-12T14:18:01.708Z [Data-Generator] info: [ENACTDB] Going to close the connection
