2020-03-12T12:25:19.451Z [Simulation] info: [medicalGW-01-1] connected to MQTT broker mqtt://localhost:1883
2020-03-12T12:25:19.476Z [Simulation] info: [medicalGW-01-1] listening actuated data on channel: things/medicalGW-01-1/actuators/#
2020-03-12T12:25:19.478Z [Simulation] info: [medicalGW-01-1] initializing...
2020-03-12T12:25:19.479Z [Simulation] info: [medicalGW-01-1] added new sensor blood-pressure-sensor
2020-03-12T12:25:19.479Z [Simulation] info: [medicalGW-01-1] added new sensor glucose-level-sensor
2020-03-12T12:25:19.479Z [Simulation] info: [medicalGW-01-1] added new sensor motion-detection-sensor
2020-03-12T12:25:19.479Z [Simulation] info: [medicalGW-01-1] added new sensor scale-sensor
2020-03-12T12:25:19.479Z [Simulation] info: [medicalGW-01-1] added new actuator light-intensity-actuator
2020-03-12T12:25:19.479Z [Simulation] info: [medicalGW-01-1] added new actuator heating-level-actuator
2020-03-12T12:25:19.480Z [Simulation] info: [blood-pressure-sensor] has been started!
2020-03-12T12:25:19.480Z [Simulation] info: [blood-pressure-sensor] generate randomly data Integer and publish the data in every 3 seconds
2020-03-12T12:25:19.480Z [Simulation] info: [glucose-level-sensor] has been started!
2020-03-12T12:25:19.481Z [Simulation] info: [glucose-level-sensor] generate randomly data Enum and publish the data in every 3 seconds
2020-03-12T12:25:19.481Z [Simulation] info: [motion-detection-sensor] has been started!
2020-03-12T12:25:19.481Z [Simulation] info: [motion-detection-sensor] generate randomly data Boolean and publish the data in every 3 seconds
2020-03-12T12:25:19.481Z [Simulation] info: [scale-sensor] has been started!
2020-03-12T12:25:19.481Z [Simulation] info: [scale-sensor] generate randomly data Double and publish the data in every 3 seconds
2020-03-12T12:25:19.483Z [Simulation] info: [medicalGW-01-0] connected to MQTT broker mqtt://localhost:1883
2020-03-12T12:25:19.483Z [Simulation] info: [medicalGW-01-0] listening actuated data on channel: things/medicalGW-01-0/actuators/#
2020-03-12T12:25:19.483Z [Simulation] info: [medicalGW-01-0] initializing...
2020-03-12T12:25:19.483Z [Simulation] info: [medicalGW-01-0] added new sensor blood-pressure-sensor
2020-03-12T12:25:19.483Z [Simulation] info: [medicalGW-01-0] added new sensor glucose-level-sensor
2020-03-12T12:25:19.484Z [Simulation] info: [medicalGW-01-0] added new sensor motion-detection-sensor
2020-03-12T12:25:19.484Z [Simulation] info: [medicalGW-01-0] added new sensor scale-sensor
2020-03-12T12:25:19.484Z [Simulation] info: [medicalGW-01-0] added new actuator light-intensity-actuator
2020-03-12T12:25:19.484Z [Simulation] info: [medicalGW-01-0] added new actuator heating-level-actuator
2020-03-12T12:25:19.484Z [Simulation] info: [blood-pressure-sensor] has been started!
2020-03-12T12:25:19.484Z [Simulation] info: [blood-pressure-sensor] generate randomly data Integer and publish the data in every 3 seconds
2020-03-12T12:25:19.485Z [Simulation] info: [glucose-level-sensor] has been started!
2020-03-12T12:25:19.485Z [Simulation] info: [glucose-level-sensor] generate randomly data Enum and publish the data in every 3 seconds
2020-03-12T12:25:19.486Z [Simulation] info: [motion-detection-sensor] has been started!
2020-03-12T12:25:19.487Z [Simulation] info: [motion-detection-sensor] generate randomly data Boolean and publish the data in every 3 seconds
2020-03-12T12:25:19.487Z [Simulation] info: [scale-sensor] has been started!
2020-03-12T12:25:19.487Z [Simulation] info: [scale-sensor] generate randomly data Double and publish the data in every 3 seconds
2020-03-12T12:25:22.486Z [Simulation] info: [medicalGW-01-1] published: mqtt://localhost:1883 things/medicalGW-01-1/sensors/blood-pressure-sensor
2020-03-12T12:25:22.487Z [Simulation] info: [medicalGW-01-1] published: mqtt://localhost:1883 things/medicalGW-01-1/sensors/glucose-level-sensor
2020-03-12T12:25:22.487Z [Simulation] info: [medicalGW-01-1] published: mqtt://localhost:1883 things/medicalGW-01-1/sensors/motion-detection-sensor
2020-03-12T12:25:22.487Z [Simulation] info: [medicalGW-01-1] published: mqtt://localhost:1883 things/medicalGW-01-1/sensors/scale-sensor
2020-03-12T12:25:22.488Z [Simulation] info: [medicalGW-01-0] published: mqtt://localhost:1883 things/medicalGW-01-0/sensors/blood-pressure-sensor
2020-03-12T12:25:22.489Z [Simulation] info: [medicalGW-01-0] published: mqtt://localhost:1883 things/medicalGW-01-0/sensors/glucose-level-sensor
2020-03-12T12:25:22.490Z [Simulation] info: [medicalGW-01-0] published: mqtt://localhost:1883 things/medicalGW-01-0/sensors/motion-detection-sensor
2020-03-12T12:25:22.490Z [Simulation] info: [medicalGW-01-0] published: mqtt://localhost:1883 things/medicalGW-01-0/sensors/scale-sensor
2020-03-12T12:25:25.486Z [Simulation] info: [medicalGW-01-1] published: mqtt://localhost:1883 things/medicalGW-01-1/sensors/blood-pressure-sensor
2020-03-12T12:25:25.487Z [Simulation] info: [medicalGW-01-1] published: mqtt://localhost:1883 things/medicalGW-01-1/sensors/glucose-level-sensor
2020-03-12T12:25:25.488Z [Simulation] info: [medicalGW-01-1] published: mqtt://localhost:1883 things/medicalGW-01-1/sensors/motion-detection-sensor
2020-03-12T12:25:25.488Z [Simulation] info: [medicalGW-01-1] published: mqtt://localhost:1883 things/medicalGW-01-1/sensors/scale-sensor
2020-03-12T12:25:25.490Z [Simulation] info: [medicalGW-01-0] published: mqtt://localhost:1883 things/medicalGW-01-0/sensors/blood-pressure-sensor
2020-03-12T12:25:25.490Z [Simulation] info: [medicalGW-01-0] published: mqtt://localhost:1883 things/medicalGW-01-0/sensors/glucose-level-sensor
2020-03-12T12:25:25.491Z [Simulation] info: [medicalGW-01-0] published: mqtt://localhost:1883 things/medicalGW-01-0/sensors/motion-detection-sensor
2020-03-12T12:25:25.492Z [Simulation] info: [medicalGW-01-0] published: mqtt://localhost:1883 things/medicalGW-01-0/sensors/scale-sensor
2020-03-12T12:25:26.238Z [Simulation] info: [medicalGW-01-1] going to stop the simulation!
2020-03-12T12:25:26.238Z [Simulation] info: [blood-pressure-sensor] stopped!
2020-03-12T12:25:26.239Z [Simulation] info: [glucose-level-sensor] stopped!
2020-03-12T12:25:26.239Z [Simulation] info: [motion-detection-sensor] stopped!
2020-03-12T12:25:26.239Z [Simulation] info: [scale-sensor] stopped!
2020-03-12T12:25:26.239Z [Simulation] info: [medicalGW-01-0] going to stop the simulation!
2020-03-12T12:25:26.239Z [Simulation] info: [blood-pressure-sensor] stopped!
2020-03-12T12:25:26.239Z [Simulation] info: [glucose-level-sensor] stopped!
2020-03-12T12:25:26.239Z [Simulation] info: [motion-detection-sensor] stopped!
2020-03-12T12:25:26.239Z [Simulation] info: [scale-sensor] stopped!
2020-03-12T13:17:06.255Z [Simulation] info: [medicalGW-01-0] connected to MQTT broker mqtt://localhost:1883
2020-03-12T13:17:06.258Z [Simulation] info: [medicalGW-01-0] listening actuated data on channel: things/medicalGW-01-0/actuators/#
2020-03-12T13:17:06.259Z [Simulation] info: [medicalGW-01-0] initializing...
2020-03-12T13:17:06.259Z [Simulation] info: [medicalGW-01-0] added new sensor blood-pressure-sensor
2020-03-12T13:17:06.259Z [Simulation] info: [medicalGW-01-0] added new sensor glucose-level-sensor
2020-03-12T13:17:06.259Z [Simulation] info: [medicalGW-01-0] added new sensor motion-detection-sensor
2020-03-12T13:17:06.259Z [Simulation] info: [medicalGW-01-0] added new sensor scale-sensor
2020-03-12T13:17:06.260Z [Simulation] info: [medicalGW-01-0] added new actuator light-intensity-actuator
2020-03-12T13:17:06.260Z [Simulation] info: [medicalGW-01-0] added new actuator heating-level-actuator
2020-03-12T13:17:06.261Z [Simulation] info: [blood-pressure-sensor] has been started!
2020-03-12T13:17:06.261Z [Simulation] info: [blood-pressure-sensor] generate randomly data Integer and publish the data in every 3 seconds
2020-03-12T13:17:06.261Z [Simulation] info: [glucose-level-sensor] has been started!
2020-03-12T13:17:06.262Z [Simulation] info: [glucose-level-sensor] generate randomly data Enum and publish the data in every 3 seconds
2020-03-12T13:17:06.262Z [Simulation] info: [motion-detection-sensor] has been started!
2020-03-12T13:17:06.262Z [Simulation] info: [motion-detection-sensor] generate randomly data Boolean and publish the data in every 3 seconds
2020-03-12T13:17:06.262Z [Simulation] info: [scale-sensor] has been started!
2020-03-12T13:17:06.262Z [Simulation] info: [scale-sensor] generate randomly data Double and publish the data in every 3 seconds
2020-03-12T13:17:06.265Z [Simulation] info: [medicalGW-01-1] connected to MQTT broker mqtt://localhost:1883
2020-03-12T13:17:06.266Z [Simulation] info: [medicalGW-01-1] listening actuated data on channel: things/medicalGW-01-1/actuators/#
2020-03-12T13:17:06.266Z [Simulation] info: [medicalGW-01-1] initializing...
2020-03-12T13:17:06.266Z [Simulation] info: [medicalGW-01-1] added new sensor blood-pressure-sensor
2020-03-12T13:17:06.266Z [Simulation] info: [medicalGW-01-1] added new sensor glucose-level-sensor
2020-03-12T13:17:06.266Z [Simulation] info: [medicalGW-01-1] added new sensor motion-detection-sensor
2020-03-12T13:17:06.266Z [Simulation] info: [medicalGW-01-1] added new sensor scale-sensor
2020-03-12T13:17:06.266Z [Simulation] info: [medicalGW-01-1] added new actuator light-intensity-actuator
2020-03-12T13:17:06.266Z [Simulation] info: [medicalGW-01-1] added new actuator heating-level-actuator
2020-03-12T13:17:06.266Z [Simulation] info: [blood-pressure-sensor] has been started!
2020-03-12T13:17:06.266Z [Simulation] info: [blood-pressure-sensor] generate randomly data Integer and publish the data in every 3 seconds
2020-03-12T13:17:06.266Z [Simulation] info: [glucose-level-sensor] has been started!
2020-03-12T13:17:06.266Z [Simulation] info: [glucose-level-sensor] generate randomly data Enum and publish the data in every 3 seconds
2020-03-12T13:17:06.266Z [Simulation] info: [motion-detection-sensor] has been started!
2020-03-12T13:17:06.266Z [Simulation] info: [motion-detection-sensor] generate randomly data Boolean and publish the data in every 3 seconds
2020-03-12T13:17:06.266Z [Simulation] info: [scale-sensor] has been started!
2020-03-12T13:17:06.266Z [Simulation] info: [scale-sensor] generate randomly data Double and publish the data in every 3 seconds
2020-03-12T13:17:09.267Z [Simulation] info: [medicalGW-01-0] published: mqtt://localhost:1883 things/medicalGW-01-0/sensors/blood-pressure-sensor
2020-03-12T13:17:09.267Z [Simulation] info: [medicalGW-01-0] published: mqtt://localhost:1883 things/medicalGW-01-0/sensors/glucose-level-sensor
2020-03-12T13:17:09.268Z [Simulation] info: [medicalGW-01-0] published: mqtt://localhost:1883 things/medicalGW-01-0/sensors/motion-detection-sensor
2020-03-12T13:17:09.268Z [Simulation] info: [medicalGW-01-0] published: mqtt://localhost:1883 things/medicalGW-01-0/sensors/scale-sensor
2020-03-12T13:17:09.268Z [Simulation] info: [medicalGW-01-1] published: mqtt://localhost:1883 things/medicalGW-01-1/sensors/blood-pressure-sensor
2020-03-12T13:17:09.268Z [Simulation] info: [medicalGW-01-1] published: mqtt://localhost:1883 things/medicalGW-01-1/sensors/glucose-level-sensor
2020-03-12T13:17:09.269Z [Simulation] info: [medicalGW-01-1] published: mqtt://localhost:1883 things/medicalGW-01-1/sensors/motion-detection-sensor
2020-03-12T13:17:09.270Z [Simulation] info: [medicalGW-01-1] published: mqtt://localhost:1883 things/medicalGW-01-1/sensors/scale-sensor
2020-03-12T13:17:12.272Z [Simulation] info: [medicalGW-01-0] published: mqtt://localhost:1883 things/medicalGW-01-0/sensors/blood-pressure-sensor
2020-03-12T13:17:12.272Z [Simulation] info: [medicalGW-01-0] published: mqtt://localhost:1883 things/medicalGW-01-0/sensors/glucose-level-sensor
2020-03-12T13:17:12.274Z [Simulation] info: [medicalGW-01-0] published: mqtt://localhost:1883 things/medicalGW-01-0/sensors/motion-detection-sensor
2020-03-12T13:17:12.274Z [Simulation] info: [medicalGW-01-0] published: mqtt://localhost:1883 things/medicalGW-01-0/sensors/scale-sensor
2020-03-12T13:17:12.274Z [Simulation] info: [medicalGW-01-1] published: mqtt://localhost:1883 things/medicalGW-01-1/sensors/blood-pressure-sensor
2020-03-12T13:17:12.274Z [Simulation] info: [medicalGW-01-1] published: mqtt://localhost:1883 things/medicalGW-01-1/sensors/glucose-level-sensor
2020-03-12T13:17:12.275Z [Simulation] info: [medicalGW-01-1] published: mqtt://localhost:1883 things/medicalGW-01-1/sensors/motion-detection-sensor
2020-03-12T13:17:12.276Z [Simulation] info: [medicalGW-01-1] published: mqtt://localhost:1883 things/medicalGW-01-1/sensors/scale-sensor
2020-03-12T13:17:15.277Z [Simulation] info: [medicalGW-01-0] published: mqtt://localhost:1883 things/medicalGW-01-0/sensors/blood-pressure-sensor
2020-03-12T13:17:15.277Z [Simulation] info: [medicalGW-01-0] published: mqtt://localhost:1883 things/medicalGW-01-0/sensors/glucose-level-sensor
2020-03-12T13:17:15.277Z [Simulation] info: [medicalGW-01-0] published: mqtt://localhost:1883 things/medicalGW-01-0/sensors/motion-detection-sensor
2020-03-12T13:17:15.278Z [Simulation] info: [medicalGW-01-0] published: mqtt://localhost:1883 things/medicalGW-01-0/sensors/scale-sensor
2020-03-12T13:17:15.278Z [Simulation] info: [medicalGW-01-1] published: mqtt://localhost:1883 things/medicalGW-01-1/sensors/blood-pressure-sensor
2020-03-12T13:17:15.278Z [Simulation] info: [medicalGW-01-1] published: mqtt://localhost:1883 things/medicalGW-01-1/sensors/glucose-level-sensor
2020-03-12T13:17:15.278Z [Simulation] info: [medicalGW-01-1] published: mqtt://localhost:1883 things/medicalGW-01-1/sensors/motion-detection-sensor
2020-03-12T13:17:15.279Z [Simulation] info: [medicalGW-01-1] published: mqtt://localhost:1883 things/medicalGW-01-1/sensors/scale-sensor
2020-03-12T13:17:18.278Z [Simulation] info: [medicalGW-01-0] published: mqtt://localhost:1883 things/medicalGW-01-0/sensors/blood-pressure-sensor
2020-03-12T13:17:18.278Z [Simulation] info: [medicalGW-01-0] published: mqtt://localhost:1883 things/medicalGW-01-0/sensors/glucose-level-sensor
2020-03-12T13:17:18.279Z [Simulation] info: [medicalGW-01-0] published: mqtt://localhost:1883 things/medicalGW-01-0/sensors/motion-detection-sensor
2020-03-12T13:17:18.280Z [Simulation] info: [medicalGW-01-0] published: mqtt://localhost:1883 things/medicalGW-01-0/sensors/scale-sensor
2020-03-12T13:17:18.280Z [Simulation] info: [medicalGW-01-1] published: mqtt://localhost:1883 things/medicalGW-01-1/sensors/blood-pressure-sensor
2020-03-12T13:17:18.280Z [Simulation] info: [medicalGW-01-1] published: mqtt://localhost:1883 things/medicalGW-01-1/sensors/glucose-level-sensor
2020-03-12T13:17:18.281Z [Simulation] info: [medicalGW-01-1] published: mqtt://localhost:1883 things/medicalGW-01-1/sensors/motion-detection-sensor
2020-03-12T13:17:18.281Z [Simulation] info: [medicalGW-01-1] published: mqtt://localhost:1883 things/medicalGW-01-1/sensors/scale-sensor
2020-03-12T13:17:21.279Z [Simulation] info: [medicalGW-01-0] published: mqtt://localhost:1883 things/medicalGW-01-0/sensors/blood-pressure-sensor
2020-03-12T13:17:21.280Z [Simulation] info: [medicalGW-01-0] published: mqtt://localhost:1883 things/medicalGW-01-0/sensors/glucose-level-sensor
2020-03-12T13:17:21.281Z [Simulation] info: [medicalGW-01-0] published: mqtt://localhost:1883 things/medicalGW-01-0/sensors/motion-detection-sensor
2020-03-12T13:17:21.281Z [Simulation] info: [medicalGW-01-0] published: mqtt://localhost:1883 things/medicalGW-01-0/sensors/scale-sensor
2020-03-12T13:17:21.282Z [Simulation] info: [medicalGW-01-1] published: mqtt://localhost:1883 things/medicalGW-01-1/sensors/blood-pressure-sensor
2020-03-12T13:17:21.282Z [Simulation] info: [medicalGW-01-1] published: mqtt://localhost:1883 things/medicalGW-01-1/sensors/glucose-level-sensor
2020-03-12T13:17:21.283Z [Simulation] info: [medicalGW-01-1] published: mqtt://localhost:1883 things/medicalGW-01-1/sensors/motion-detection-sensor
2020-03-12T13:17:21.285Z [Simulation] info: [medicalGW-01-1] published: mqtt://localhost:1883 things/medicalGW-01-1/sensors/scale-sensor
2020-03-12T13:17:24.283Z [Simulation] info: [medicalGW-01-0] published: mqtt://localhost:1883 things/medicalGW-01-0/sensors/blood-pressure-sensor
2020-03-12T13:17:24.284Z [Simulation] info: [medicalGW-01-0] published: mqtt://localhost:1883 things/medicalGW-01-0/sensors/glucose-level-sensor
2020-03-12T13:17:24.284Z [Simulation] info: [medicalGW-01-0] published: mqtt://localhost:1883 things/medicalGW-01-0/sensors/motion-detection-sensor
2020-03-12T13:17:24.284Z [Simulation] info: [medicalGW-01-0] published: mqtt://localhost:1883 things/medicalGW-01-0/sensors/scale-sensor
2020-03-12T13:17:24.284Z [Simulation] info: [medicalGW-01-1] published: mqtt://localhost:1883 things/medicalGW-01-1/sensors/blood-pressure-sensor
2020-03-12T13:17:24.284Z [Simulation] info: [medicalGW-01-1] published: mqtt://localhost:1883 things/medicalGW-01-1/sensors/glucose-level-sensor
2020-03-12T13:17:24.285Z [Simulation] info: [medicalGW-01-1] published: mqtt://localhost:1883 things/medicalGW-01-1/sensors/motion-detection-sensor
2020-03-12T13:17:24.285Z [Simulation] info: [medicalGW-01-1] published: mqtt://localhost:1883 things/medicalGW-01-1/sensors/scale-sensor
2020-03-12T13:17:27.285Z [Simulation] info: [medicalGW-01-0] published: mqtt://localhost:1883 things/medicalGW-01-0/sensors/blood-pressure-sensor
2020-03-12T13:17:27.286Z [Simulation] info: [medicalGW-01-0] published: mqtt://localhost:1883 things/medicalGW-01-0/sensors/glucose-level-sensor
2020-03-12T13:17:27.287Z [Simulation] info: [medicalGW-01-0] published: mqtt://localhost:1883 things/medicalGW-01-0/sensors/motion-detection-sensor
2020-03-12T13:17:27.287Z [Simulation] info: [medicalGW-01-0] published: mqtt://localhost:1883 things/medicalGW-01-0/sensors/scale-sensor
2020-03-12T13:17:27.287Z [Simulation] info: [medicalGW-01-1] published: mqtt://localhost:1883 things/medicalGW-01-1/sensors/blood-pressure-sensor
2020-03-12T13:17:27.288Z [Simulation] info: [medicalGW-01-1] published: mqtt://localhost:1883 things/medicalGW-01-1/sensors/glucose-level-sensor
2020-03-12T13:17:27.288Z [Simulation] info: [medicalGW-01-1] published: mqtt://localhost:1883 things/medicalGW-01-1/sensors/motion-detection-sensor
2020-03-12T13:17:27.288Z [Simulation] info: [medicalGW-01-1] published: mqtt://localhost:1883 things/medicalGW-01-1/sensors/scale-sensor
2020-03-12T13:17:30.287Z [Simulation] info: [medicalGW-01-0] published: mqtt://localhost:1883 things/medicalGW-01-0/sensors/blood-pressure-sensor
2020-03-12T13:17:30.288Z [Simulation] info: [medicalGW-01-0] published: mqtt://localhost:1883 things/medicalGW-01-0/sensors/glucose-level-sensor
2020-03-12T13:17:30.288Z [Simulation] info: [medicalGW-01-0] published: mqtt://localhost:1883 things/medicalGW-01-0/sensors/motion-detection-sensor
2020-03-12T13:17:30.288Z [Simulation] info: [medicalGW-01-0] published: mqtt://localhost:1883 things/medicalGW-01-0/sensors/scale-sensor
2020-03-12T13:17:30.288Z [Simulation] info: [medicalGW-01-1] published: mqtt://localhost:1883 things/medicalGW-01-1/sensors/blood-pressure-sensor
2020-03-12T13:17:30.288Z [Simulation] info: [medicalGW-01-1] published: mqtt://localhost:1883 things/medicalGW-01-1/sensors/glucose-level-sensor
2020-03-12T13:17:30.289Z [Simulation] info: [medicalGW-01-1] published: mqtt://localhost:1883 things/medicalGW-01-1/sensors/motion-detection-sensor
2020-03-12T13:17:30.290Z [Simulation] info: [medicalGW-01-1] published: mqtt://localhost:1883 things/medicalGW-01-1/sensors/scale-sensor
2020-03-12T13:17:33.289Z [Simulation] info: [medicalGW-01-0] published: mqtt://localhost:1883 things/medicalGW-01-0/sensors/blood-pressure-sensor
2020-03-12T13:17:33.289Z [Simulation] info: [medicalGW-01-0] published: mqtt://localhost:1883 things/medicalGW-01-0/sensors/glucose-level-sensor
2020-03-12T13:17:33.289Z [Simulation] info: [medicalGW-01-0] published: mqtt://localhost:1883 things/medicalGW-01-0/sensors/motion-detection-sensor
2020-03-12T13:17:33.290Z [Simulation] info: [medicalGW-01-0] published: mqtt://localhost:1883 things/medicalGW-01-0/sensors/scale-sensor
2020-03-12T13:17:33.290Z [Simulation] info: [medicalGW-01-1] published: mqtt://localhost:1883 things/medicalGW-01-1/sensors/blood-pressure-sensor
2020-03-12T13:17:33.290Z [Simulation] info: [medicalGW-01-1] published: mqtt://localhost:1883 things/medicalGW-01-1/sensors/glucose-level-sensor
2020-03-12T13:17:33.290Z [Simulation] info: [medicalGW-01-1] published: mqtt://localhost:1883 things/medicalGW-01-1/sensors/motion-detection-sensor
2020-03-12T13:17:33.292Z [Simulation] info: [medicalGW-01-1] published: mqtt://localhost:1883 things/medicalGW-01-1/sensors/scale-sensor
2020-03-12T13:17:36.294Z [Simulation] info: [medicalGW-01-0] published: mqtt://localhost:1883 things/medicalGW-01-0/sensors/blood-pressure-sensor
2020-03-12T13:17:36.295Z [Simulation] info: [medicalGW-01-0] published: mqtt://localhost:1883 things/medicalGW-01-0/sensors/glucose-level-sensor
2020-03-12T13:17:36.295Z [Simulation] info: [medicalGW-01-0] published: mqtt://localhost:1883 things/medicalGW-01-0/sensors/motion-detection-sensor
2020-03-12T13:17:36.295Z [Simulation] info: [medicalGW-01-0] published: mqtt://localhost:1883 things/medicalGW-01-0/sensors/scale-sensor
2020-03-12T13:17:36.295Z [Simulation] info: [medicalGW-01-1] published: mqtt://localhost:1883 things/medicalGW-01-1/sensors/blood-pressure-sensor
2020-03-12T13:17:36.296Z [Simulation] info: [medicalGW-01-1] published: mqtt://localhost:1883 things/medicalGW-01-1/sensors/glucose-level-sensor
2020-03-12T13:17:36.296Z [Simulation] info: [medicalGW-01-1] published: mqtt://localhost:1883 things/medicalGW-01-1/sensors/motion-detection-sensor
2020-03-12T13:17:36.297Z [Simulation] info: [medicalGW-01-1] published: mqtt://localhost:1883 things/medicalGW-01-1/sensors/scale-sensor
2020-03-12T13:17:39.299Z [Simulation] info: [medicalGW-01-0] published: mqtt://localhost:1883 things/medicalGW-01-0/sensors/blood-pressure-sensor
2020-03-12T13:17:39.300Z [Simulation] info: [medicalGW-01-0] published: mqtt://localhost:1883 things/medicalGW-01-0/sensors/glucose-level-sensor
2020-03-12T13:17:39.300Z [Simulation] info: [medicalGW-01-0] published: mqtt://localhost:1883 things/medicalGW-01-0/sensors/motion-detection-sensor
2020-03-12T13:17:39.300Z [Simulation] info: [medicalGW-01-0] published: mqtt://localhost:1883 things/medicalGW-01-0/sensors/scale-sensor
2020-03-12T13:17:39.301Z [Simulation] info: [medicalGW-01-1] published: mqtt://localhost:1883 things/medicalGW-01-1/sensors/blood-pressure-sensor
2020-03-12T13:17:39.301Z [Simulation] info: [medicalGW-01-1] published: mqtt://localhost:1883 things/medicalGW-01-1/sensors/glucose-level-sensor
2020-03-12T13:17:39.301Z [Simulation] info: [medicalGW-01-1] published: mqtt://localhost:1883 things/medicalGW-01-1/sensors/motion-detection-sensor
2020-03-12T13:17:39.302Z [Simulation] info: [medicalGW-01-1] published: mqtt://localhost:1883 things/medicalGW-01-1/sensors/scale-sensor
2020-03-12T13:17:42.301Z [Simulation] info: [medicalGW-01-0] published: mqtt://localhost:1883 things/medicalGW-01-0/sensors/blood-pressure-sensor
2020-03-12T13:17:42.301Z [Simulation] info: [medicalGW-01-0] published: mqtt://localhost:1883 things/medicalGW-01-0/sensors/glucose-level-sensor
2020-03-12T13:17:42.302Z [Simulation] info: [medicalGW-01-0] published: mqtt://localhost:1883 things/medicalGW-01-0/sensors/motion-detection-sensor
2020-03-12T13:17:42.302Z [Simulation] info: [medicalGW-01-0] published: mqtt://localhost:1883 things/medicalGW-01-0/sensors/scale-sensor
2020-03-12T13:17:42.303Z [Simulation] info: [medicalGW-01-1] published: mqtt://localhost:1883 things/medicalGW-01-1/sensors/blood-pressure-sensor
2020-03-12T13:17:42.303Z [Simulation] info: [medicalGW-01-1] published: mqtt://localhost:1883 things/medicalGW-01-1/sensors/glucose-level-sensor
2020-03-12T13:17:42.304Z [Simulation] info: [medicalGW-01-1] published: mqtt://localhost:1883 things/medicalGW-01-1/sensors/motion-detection-sensor
2020-03-12T13:17:42.304Z [Simulation] info: [medicalGW-01-1] published: mqtt://localhost:1883 things/medicalGW-01-1/sensors/scale-sensor
2020-03-12T13:17:45.302Z [Simulation] info: [medicalGW-01-0] published: mqtt://localhost:1883 things/medicalGW-01-0/sensors/blood-pressure-sensor
2020-03-12T13:17:45.302Z [Simulation] info: [medicalGW-01-0] published: mqtt://localhost:1883 things/medicalGW-01-0/sensors/glucose-level-sensor
2020-03-12T13:17:45.303Z [Simulation] info: [medicalGW-01-0] published: mqtt://localhost:1883 things/medicalGW-01-0/sensors/motion-detection-sensor
2020-03-12T13:17:45.303Z [Simulation] info: [medicalGW-01-0] published: mqtt://localhost:1883 things/medicalGW-01-0/sensors/scale-sensor
2020-03-12T13:17:45.304Z [Simulation] info: [medicalGW-01-1] published: mqtt://localhost:1883 things/medicalGW-01-1/sensors/blood-pressure-sensor
2020-03-12T13:17:45.304Z [Simulation] info: [medicalGW-01-1] published: mqtt://localhost:1883 things/medicalGW-01-1/sensors/glucose-level-sensor
2020-03-12T13:17:45.304Z [Simulation] info: [medicalGW-01-1] published: mqtt://localhost:1883 things/medicalGW-01-1/sensors/motion-detection-sensor
2020-03-12T13:17:45.304Z [Simulation] info: [medicalGW-01-1] published: mqtt://localhost:1883 things/medicalGW-01-1/sensors/scale-sensor
2020-03-12T13:17:48.305Z [Simulation] info: [medicalGW-01-0] published: mqtt://localhost:1883 things/medicalGW-01-0/sensors/blood-pressure-sensor
2020-03-12T13:17:48.305Z [Simulation] info: [medicalGW-01-0] published: mqtt://localhost:1883 things/medicalGW-01-0/sensors/glucose-level-sensor
2020-03-12T13:17:48.305Z [Simulation] info: [medicalGW-01-0] published: mqtt://localhost:1883 things/medicalGW-01-0/sensors/motion-detection-sensor
2020-03-12T13:17:48.306Z [Simulation] info: [medicalGW-01-0] published: mqtt://localhost:1883 things/medicalGW-01-0/sensors/scale-sensor
2020-03-12T13:17:48.306Z [Simulation] info: [medicalGW-01-1] published: mqtt://localhost:1883 things/medicalGW-01-1/sensors/blood-pressure-sensor
2020-03-12T13:17:48.306Z [Simulation] info: [medicalGW-01-1] published: mqtt://localhost:1883 things/medicalGW-01-1/sensors/glucose-level-sensor
2020-03-12T13:17:48.306Z [Simulation] info: [medicalGW-01-1] published: mqtt://localhost:1883 things/medicalGW-01-1/sensors/motion-detection-sensor
2020-03-12T13:17:48.306Z [Simulation] info: [medicalGW-01-1] published: mqtt://localhost:1883 things/medicalGW-01-1/sensors/scale-sensor
2020-03-12T13:17:51.308Z [Simulation] info: [medicalGW-01-0] published: mqtt://localhost:1883 things/medicalGW-01-0/sensors/blood-pressure-sensor
2020-03-12T13:17:51.309Z [Simulation] info: [medicalGW-01-0] published: mqtt://localhost:1883 things/medicalGW-01-0/sensors/glucose-level-sensor
2020-03-12T13:17:51.310Z [Simulation] info: [medicalGW-01-0] published: mqtt://localhost:1883 things/medicalGW-01-0/sensors/motion-detection-sensor
2020-03-12T13:17:51.310Z [Simulation] info: [medicalGW-01-0] published: mqtt://localhost:1883 things/medicalGW-01-0/sensors/scale-sensor
2020-03-12T13:17:51.310Z [Simulation] info: [medicalGW-01-1] published: mqtt://localhost:1883 things/medicalGW-01-1/sensors/blood-pressure-sensor
2020-03-12T13:17:51.310Z [Simulation] info: [medicalGW-01-1] published: mqtt://localhost:1883 things/medicalGW-01-1/sensors/glucose-level-sensor
2020-03-12T13:17:51.311Z [Simulation] info: [medicalGW-01-1] published: mqtt://localhost:1883 things/medicalGW-01-1/sensors/motion-detection-sensor
2020-03-12T13:17:51.311Z [Simulation] info: [medicalGW-01-1] published: mqtt://localhost:1883 things/medicalGW-01-1/sensors/scale-sensor
2020-03-12T13:17:54.310Z [Simulation] info: [medicalGW-01-0] published: mqtt://localhost:1883 things/medicalGW-01-0/sensors/blood-pressure-sensor
2020-03-12T13:17:54.310Z [Simulation] info: [medicalGW-01-0] published: mqtt://localhost:1883 things/medicalGW-01-0/sensors/glucose-level-sensor
2020-03-12T13:17:54.310Z [Simulation] info: [medicalGW-01-0] published: mqtt://localhost:1883 things/medicalGW-01-0/sensors/motion-detection-sensor
2020-03-12T13:17:54.311Z [Simulation] info: [medicalGW-01-0] published: mqtt://localhost:1883 things/medicalGW-01-0/sensors/scale-sensor
2020-03-12T13:17:54.311Z [Simulation] info: [medicalGW-01-1] published: mqtt://localhost:1883 things/medicalGW-01-1/sensors/blood-pressure-sensor
2020-03-12T13:17:54.311Z [Simulation] info: [medicalGW-01-1] published: mqtt://localhost:1883 things/medicalGW-01-1/sensors/glucose-level-sensor
2020-03-12T13:17:54.313Z [Simulation] info: [medicalGW-01-1] published: mqtt://localhost:1883 things/medicalGW-01-1/sensors/motion-detection-sensor
2020-03-12T13:17:54.313Z [Simulation] info: [medicalGW-01-1] published: mqtt://localhost:1883 things/medicalGW-01-1/sensors/scale-sensor
2020-03-12T13:23:04.384Z [Simulation] info: [medicalGW-01-0] connected to MQTT broker mqtt://localhost:1883
2020-03-12T13:23:04.387Z [Simulation] info: [medicalGW-01-0] listening actuated data on channel: things/medicalGW-01-0/actuators/#
2020-03-12T13:23:04.388Z [Simulation] info: [medicalGW-01-0] initializing...
2020-03-12T13:23:04.388Z [Simulation] info: [medicalGW-01-0] added new sensor blood-pressure-sensor
2020-03-12T13:23:04.389Z [Simulation] info: [medicalGW-01-0] added new sensor glucose-level-sensor
2020-03-12T13:23:04.389Z [Simulation] info: [medicalGW-01-0] added new sensor motion-detection-sensor
2020-03-12T13:23:04.389Z [Simulation] info: [medicalGW-01-0] added new sensor scale-sensor
2020-03-12T13:23:04.389Z [Simulation] info: [medicalGW-01-0] added new actuator light-intensity-actuator
2020-03-12T13:23:04.390Z [Simulation] info: [medicalGW-01-0] added new actuator heating-level-actuator
2020-03-12T13:23:04.390Z [Simulation] info: [blood-pressure-sensor] has been started!
2020-03-12T13:23:04.390Z [Simulation] info: [blood-pressure-sensor] generate randomly data Integer and publish the data in every 3 seconds
2020-03-12T13:23:04.390Z [Simulation] info: [glucose-level-sensor] has been started!
2020-03-12T13:23:04.390Z [Simulation] info: [glucose-level-sensor] generate randomly data Enum and publish the data in every 3 seconds
2020-03-12T13:23:04.391Z [Simulation] info: [motion-detection-sensor] has been started!
2020-03-12T13:23:04.391Z [Simulation] info: [motion-detection-sensor] generate randomly data Boolean and publish the data in every 3 seconds
2020-03-12T13:23:04.391Z [Simulation] info: [scale-sensor] has been started!
2020-03-12T13:23:04.391Z [Simulation] info: [scale-sensor] generate randomly data Double and publish the data in every 3 seconds
2020-03-12T13:23:04.394Z [Simulation] info: [medicalGW-01-1] connected to MQTT broker mqtt://localhost:1883
2020-03-12T13:23:04.394Z [Simulation] info: [medicalGW-01-1] listening actuated data on channel: things/medicalGW-01-1/actuators/#
2020-03-12T13:23:04.394Z [Simulation] info: [medicalGW-01-1] initializing...
2020-03-12T13:23:04.394Z [Simulation] info: [medicalGW-01-1] added new sensor blood-pressure-sensor
2020-03-12T13:23:04.394Z [Simulation] info: [medicalGW-01-1] added new sensor glucose-level-sensor
2020-03-12T13:23:04.395Z [Simulation] info: [medicalGW-01-1] added new sensor motion-detection-sensor
2020-03-12T13:23:04.395Z [Simulation] info: [medicalGW-01-1] added new sensor scale-sensor
2020-03-12T13:23:04.395Z [Simulation] info: [medicalGW-01-1] added new actuator light-intensity-actuator
2020-03-12T13:23:04.395Z [Simulation] info: [medicalGW-01-1] added new actuator heating-level-actuator
2020-03-12T13:23:04.395Z [Simulation] info: [blood-pressure-sensor] has been started!
2020-03-12T13:23:04.395Z [Simulation] info: [blood-pressure-sensor] generate randomly data Integer and publish the data in every 3 seconds
2020-03-12T13:23:04.395Z [Simulation] info: [glucose-level-sensor] has been started!
2020-03-12T13:23:04.395Z [Simulation] info: [glucose-level-sensor] generate randomly data Enum and publish the data in every 3 seconds
2020-03-12T13:23:04.395Z [Simulation] info: [motion-detection-sensor] has been started!
2020-03-12T13:23:04.395Z [Simulation] info: [motion-detection-sensor] generate randomly data Boolean and publish the data in every 3 seconds
2020-03-12T13:23:04.395Z [Simulation] info: [scale-sensor] has been started!
2020-03-12T13:23:04.395Z [Simulation] info: [scale-sensor] generate randomly data Double and publish the data in every 3 seconds
2020-03-12T13:23:07.395Z [Simulation] info: [medicalGW-01-0] published: mqtt://localhost:1883 things/medicalGW-01-0/sensors/blood-pressure-sensor
2020-03-12T13:23:07.397Z [Simulation] info: [medicalGW-01-0] published: mqtt://localhost:1883 things/medicalGW-01-0/sensors/glucose-level-sensor
2020-03-12T13:23:07.398Z [Simulation] info: [medicalGW-01-0] published: mqtt://localhost:1883 things/medicalGW-01-0/sensors/motion-detection-sensor
2020-03-12T13:23:07.398Z [Simulation] info: [medicalGW-01-0] published: mqtt://localhost:1883 things/medicalGW-01-0/sensors/scale-sensor
2020-03-12T13:23:07.398Z [Simulation] info: [medicalGW-01-1] published: mqtt://localhost:1883 things/medicalGW-01-1/sensors/blood-pressure-sensor
2020-03-12T13:23:07.399Z [Simulation] info: [medicalGW-01-1] published: mqtt://localhost:1883 things/medicalGW-01-1/sensors/glucose-level-sensor
2020-03-12T13:23:07.399Z [Simulation] info: [medicalGW-01-1] published: mqtt://localhost:1883 things/medicalGW-01-1/sensors/motion-detection-sensor
2020-03-12T13:23:07.400Z [Simulation] info: [medicalGW-01-1] published: mqtt://localhost:1883 things/medicalGW-01-1/sensors/scale-sensor
2020-03-12T13:23:10.398Z [Simulation] info: [medicalGW-01-0] published: mqtt://localhost:1883 things/medicalGW-01-0/sensors/blood-pressure-sensor
2020-03-12T13:23:10.398Z [Simulation] info: [medicalGW-01-0] published: mqtt://localhost:1883 things/medicalGW-01-0/sensors/glucose-level-sensor
2020-03-12T13:23:10.398Z [Simulation] info: [medicalGW-01-0] published: mqtt://localhost:1883 things/medicalGW-01-0/sensors/motion-detection-sensor
2020-03-12T13:23:10.399Z [Simulation] info: [medicalGW-01-0] published: mqtt://localhost:1883 things/medicalGW-01-0/sensors/scale-sensor
2020-03-12T13:23:10.400Z [Simulation] info: [medicalGW-01-1] published: mqtt://localhost:1883 things/medicalGW-01-1/sensors/blood-pressure-sensor
2020-03-12T13:23:10.400Z [Simulation] info: [medicalGW-01-1] published: mqtt://localhost:1883 things/medicalGW-01-1/sensors/glucose-level-sensor
2020-03-12T13:23:10.401Z [Simulation] info: [medicalGW-01-1] published: mqtt://localhost:1883 things/medicalGW-01-1/sensors/motion-detection-sensor
2020-03-12T13:23:10.401Z [Simulation] info: [medicalGW-01-1] published: mqtt://localhost:1883 things/medicalGW-01-1/sensors/scale-sensor
2020-03-12T13:23:13.398Z [Simulation] info: [medicalGW-01-0] published: mqtt://localhost:1883 things/medicalGW-01-0/sensors/blood-pressure-sensor
2020-03-12T13:23:13.398Z [Simulation] info: [medicalGW-01-0] published: mqtt://localhost:1883 things/medicalGW-01-0/sensors/glucose-level-sensor
2020-03-12T13:23:13.398Z [Simulation] info: [medicalGW-01-0] published: mqtt://localhost:1883 things/medicalGW-01-0/sensors/motion-detection-sensor
2020-03-12T13:23:13.399Z [Simulation] info: [medicalGW-01-0] published: mqtt://localhost:1883 things/medicalGW-01-0/sensors/scale-sensor
2020-03-12T13:23:13.400Z [Simulation] info: [medicalGW-01-1] published: mqtt://localhost:1883 things/medicalGW-01-1/sensors/blood-pressure-sensor
2020-03-12T13:23:13.401Z [Simulation] info: [medicalGW-01-1] published: mqtt://localhost:1883 things/medicalGW-01-1/sensors/glucose-level-sensor
2020-03-12T13:23:13.401Z [Simulation] info: [medicalGW-01-1] published: mqtt://localhost:1883 things/medicalGW-01-1/sensors/motion-detection-sensor
2020-03-12T13:23:13.401Z [Simulation] info: [medicalGW-01-1] published: mqtt://localhost:1883 things/medicalGW-01-1/sensors/scale-sensor
2020-03-12T13:23:16.402Z [Simulation] info: [medicalGW-01-0] published: mqtt://localhost:1883 things/medicalGW-01-0/sensors/blood-pressure-sensor
2020-03-12T13:23:16.402Z [Simulation] info: [medicalGW-01-0] published: mqtt://localhost:1883 things/medicalGW-01-0/sensors/glucose-level-sensor
2020-03-12T13:23:16.403Z [Simulation] info: [medicalGW-01-0] published: mqtt://localhost:1883 things/medicalGW-01-0/sensors/motion-detection-sensor
2020-03-12T13:23:16.403Z [Simulation] info: [medicalGW-01-0] published: mqtt://localhost:1883 things/medicalGW-01-0/sensors/scale-sensor
2020-03-12T13:23:16.403Z [Simulation] info: [medicalGW-01-1] published: mqtt://localhost:1883 things/medicalGW-01-1/sensors/blood-pressure-sensor
2020-03-12T13:23:16.404Z [Simulation] info: [medicalGW-01-1] published: mqtt://localhost:1883 things/medicalGW-01-1/sensors/glucose-level-sensor
2020-03-12T13:23:16.404Z [Simulation] info: [medicalGW-01-1] published: mqtt://localhost:1883 things/medicalGW-01-1/sensors/motion-detection-sensor
2020-03-12T13:23:16.404Z [Simulation] info: [medicalGW-01-1] published: mqtt://localhost:1883 things/medicalGW-01-1/sensors/scale-sensor
2020-03-12T13:23:19.407Z [Simulation] info: [medicalGW-01-0] published: mqtt://localhost:1883 things/medicalGW-01-0/sensors/blood-pressure-sensor
2020-03-12T13:23:19.408Z [Simulation] info: [medicalGW-01-0] published: mqtt://localhost:1883 things/medicalGW-01-0/sensors/glucose-level-sensor
2020-03-12T13:23:19.408Z [Simulation] info: [medicalGW-01-0] published: mqtt://localhost:1883 things/medicalGW-01-0/sensors/motion-detection-sensor
2020-03-12T13:23:19.409Z [Simulation] info: [medicalGW-01-0] published: mqtt://localhost:1883 things/medicalGW-01-0/sensors/scale-sensor
2020-03-12T13:23:19.409Z [Simulation] info: [medicalGW-01-1] published: mqtt://localhost:1883 things/medicalGW-01-1/sensors/blood-pressure-sensor
2020-03-12T13:23:19.409Z [Simulation] info: [medicalGW-01-1] published: mqtt://localhost:1883 things/medicalGW-01-1/sensors/glucose-level-sensor
2020-03-12T13:23:19.410Z [Simulation] info: [medicalGW-01-1] published: mqtt://localhost:1883 things/medicalGW-01-1/sensors/motion-detection-sensor
2020-03-12T13:23:19.410Z [Simulation] info: [medicalGW-01-1] published: mqtt://localhost:1883 things/medicalGW-01-1/sensors/scale-sensor
2020-03-12T13:23:22.411Z [Simulation] info: [medicalGW-01-0] published: mqtt://localhost:1883 things/medicalGW-01-0/sensors/blood-pressure-sensor
2020-03-12T13:23:22.412Z [Simulation] info: [medicalGW-01-0] published: mqtt://localhost:1883 things/medicalGW-01-0/sensors/glucose-level-sensor
2020-03-12T13:23:22.412Z [Simulation] info: [medicalGW-01-0] published: mqtt://localhost:1883 things/medicalGW-01-0/sensors/motion-detection-sensor
2020-03-12T13:23:22.412Z [Simulation] info: [medicalGW-01-0] published: mqtt://localhost:1883 things/medicalGW-01-0/sensors/scale-sensor
2020-03-12T13:23:22.412Z [Simulation] info: [medicalGW-01-1] published: mqtt://localhost:1883 things/medicalGW-01-1/sensors/blood-pressure-sensor
2020-03-12T13:23:22.412Z [Simulation] info: [medicalGW-01-1] published: mqtt://localhost:1883 things/medicalGW-01-1/sensors/glucose-level-sensor
2020-03-12T13:23:22.413Z [Simulation] info: [medicalGW-01-1] published: mqtt://localhost:1883 things/medicalGW-01-1/sensors/motion-detection-sensor
2020-03-12T13:23:22.413Z [Simulation] info: [medicalGW-01-1] published: mqtt://localhost:1883 things/medicalGW-01-1/sensors/scale-sensor
2020-03-12T13:23:25.412Z [Simulation] info: [medicalGW-01-0] published: mqtt://localhost:1883 things/medicalGW-01-0/sensors/blood-pressure-sensor
2020-03-12T13:23:25.412Z [Simulation] info: [medicalGW-01-0] published: mqtt://localhost:1883 things/medicalGW-01-0/sensors/glucose-level-sensor
2020-03-12T13:23:25.413Z [Simulation] info: [medicalGW-01-0] published: mqtt://localhost:1883 things/medicalGW-01-0/sensors/motion-detection-sensor
2020-03-12T13:23:25.413Z [Simulation] info: [medicalGW-01-0] published: mqtt://localhost:1883 things/medicalGW-01-0/sensors/scale-sensor
2020-03-12T13:23:25.413Z [Simulation] info: [medicalGW-01-1] published: mqtt://localhost:1883 things/medicalGW-01-1/sensors/blood-pressure-sensor
2020-03-12T13:23:25.413Z [Simulation] info: [medicalGW-01-1] published: mqtt://localhost:1883 things/medicalGW-01-1/sensors/glucose-level-sensor
2020-03-12T13:23:25.413Z [Simulation] info: [medicalGW-01-1] published: mqtt://localhost:1883 things/medicalGW-01-1/sensors/motion-detection-sensor
2020-03-12T13:23:25.422Z [Simulation] info: [medicalGW-01-1] published: mqtt://localhost:1883 things/medicalGW-01-1/sensors/scale-sensor
2020-03-12T13:23:28.418Z [Simulation] info: [medicalGW-01-0] published: mqtt://localhost:1883 things/medicalGW-01-0/sensors/blood-pressure-sensor
2020-03-12T13:23:28.418Z [Simulation] info: [medicalGW-01-0] published: mqtt://localhost:1883 things/medicalGW-01-0/sensors/glucose-level-sensor
2020-03-12T13:23:28.419Z [Simulation] info: [medicalGW-01-0] published: mqtt://localhost:1883 things/medicalGW-01-0/sensors/motion-detection-sensor
2020-03-12T13:23:28.419Z [Simulation] info: [medicalGW-01-0] published: mqtt://localhost:1883 things/medicalGW-01-0/sensors/scale-sensor
2020-03-12T13:23:28.419Z [Simulation] info: [medicalGW-01-1] published: mqtt://localhost:1883 things/medicalGW-01-1/sensors/blood-pressure-sensor
2020-03-12T13:23:28.419Z [Simulation] info: [medicalGW-01-1] published: mqtt://localhost:1883 things/medicalGW-01-1/sensors/glucose-level-sensor
2020-03-12T13:23:28.420Z [Simulation] info: [medicalGW-01-1] published: mqtt://localhost:1883 things/medicalGW-01-1/sensors/motion-detection-sensor
2020-03-12T13:23:28.422Z [Simulation] info: [medicalGW-01-1] published: mqtt://localhost:1883 things/medicalGW-01-1/sensors/scale-sensor
2020-03-12T13:23:31.422Z [Simulation] info: [medicalGW-01-0] published: mqtt://localhost:1883 things/medicalGW-01-0/sensors/blood-pressure-sensor
2020-03-12T13:23:31.423Z [Simulation] info: [medicalGW-01-0] published: mqtt://localhost:1883 things/medicalGW-01-0/sensors/glucose-level-sensor
2020-03-12T13:23:31.423Z [Simulation] info: [medicalGW-01-0] published: mqtt://localhost:1883 things/medicalGW-01-0/sensors/motion-detection-sensor
2020-03-12T13:23:31.424Z [Simulation] info: [medicalGW-01-0] published: mqtt://localhost:1883 things/medicalGW-01-0/sensors/scale-sensor
2020-03-12T13:23:31.424Z [Simulation] info: [medicalGW-01-1] published: mqtt://localhost:1883 things/medicalGW-01-1/sensors/blood-pressure-sensor
2020-03-12T13:23:31.425Z [Simulation] info: [medicalGW-01-1] published: mqtt://localhost:1883 things/medicalGW-01-1/sensors/glucose-level-sensor
2020-03-12T13:23:31.425Z [Simulation] info: [medicalGW-01-1] published: mqtt://localhost:1883 things/medicalGW-01-1/sensors/motion-detection-sensor
2020-03-12T13:23:31.425Z [Simulation] info: [medicalGW-01-1] published: mqtt://localhost:1883 things/medicalGW-01-1/sensors/scale-sensor
2020-03-12T13:23:34.424Z [Simulation] info: [medicalGW-01-0] published: mqtt://localhost:1883 things/medicalGW-01-0/sensors/blood-pressure-sensor
2020-03-12T13:23:34.424Z [Simulation] info: [medicalGW-01-0] published: mqtt://localhost:1883 things/medicalGW-01-0/sensors/glucose-level-sensor
2020-03-12T13:23:34.424Z [Simulation] info: [medicalGW-01-0] published: mqtt://localhost:1883 things/medicalGW-01-0/sensors/motion-detection-sensor
2020-03-12T13:23:34.425Z [Simulation] info: [medicalGW-01-0] published: mqtt://localhost:1883 things/medicalGW-01-0/sensors/scale-sensor
2020-03-12T13:23:34.426Z [Simulation] info: [medicalGW-01-1] published: mqtt://localhost:1883 things/medicalGW-01-1/sensors/blood-pressure-sensor
2020-03-12T13:23:34.426Z [Simulation] info: [medicalGW-01-1] published: mqtt://localhost:1883 things/medicalGW-01-1/sensors/glucose-level-sensor
2020-03-12T13:23:34.426Z [Simulation] info: [medicalGW-01-1] published: mqtt://localhost:1883 things/medicalGW-01-1/sensors/motion-detection-sensor
2020-03-12T13:23:34.427Z [Simulation] info: [medicalGW-01-1] published: mqtt://localhost:1883 things/medicalGW-01-1/sensors/scale-sensor
2020-03-12T13:23:37.424Z [Simulation] info: [medicalGW-01-0] published: mqtt://localhost:1883 things/medicalGW-01-0/sensors/blood-pressure-sensor
2020-03-12T13:23:37.426Z [Simulation] info: [medicalGW-01-0] published: mqtt://localhost:1883 things/medicalGW-01-0/sensors/glucose-level-sensor
2020-03-12T13:23:37.426Z [Simulation] info: [medicalGW-01-0] published: mqtt://localhost:1883 things/medicalGW-01-0/sensors/motion-detection-sensor
2020-03-12T13:23:37.426Z [Simulation] info: [medicalGW-01-0] published: mqtt://localhost:1883 things/medicalGW-01-0/sensors/scale-sensor
2020-03-12T13:23:37.426Z [Simulation] info: [medicalGW-01-1] published: mqtt://localhost:1883 things/medicalGW-01-1/sensors/blood-pressure-sensor
2020-03-12T13:23:37.428Z [Simulation] info: [medicalGW-01-1] published: mqtt://localhost:1883 things/medicalGW-01-1/sensors/glucose-level-sensor
2020-03-12T13:23:37.428Z [Simulation] info: [medicalGW-01-1] published: mqtt://localhost:1883 things/medicalGW-01-1/sensors/motion-detection-sensor
2020-03-12T13:23:37.428Z [Simulation] info: [medicalGW-01-1] published: mqtt://localhost:1883 things/medicalGW-01-1/sensors/scale-sensor
2020-03-12T13:23:40.427Z [Simulation] info: [medicalGW-01-0] published: mqtt://localhost:1883 things/medicalGW-01-0/sensors/blood-pressure-sensor
2020-03-12T13:23:40.427Z [Simulation] info: [medicalGW-01-0] published: mqtt://localhost:1883 things/medicalGW-01-0/sensors/glucose-level-sensor
2020-03-12T13:23:40.427Z [Simulation] info: [medicalGW-01-0] published: mqtt://localhost:1883 things/medicalGW-01-0/sensors/motion-detection-sensor
2020-03-12T13:23:40.428Z [Simulation] info: [medicalGW-01-0] published: mqtt://localhost:1883 things/medicalGW-01-0/sensors/scale-sensor
2020-03-12T13:23:40.428Z [Simulation] info: [medicalGW-01-1] published: mqtt://localhost:1883 things/medicalGW-01-1/sensors/blood-pressure-sensor
2020-03-12T13:23:40.430Z [Simulation] info: [medicalGW-01-1] published: mqtt://localhost:1883 things/medicalGW-01-1/sensors/glucose-level-sensor
2020-03-12T13:23:40.430Z [Simulation] info: [medicalGW-01-1] published: mqtt://localhost:1883 things/medicalGW-01-1/sensors/motion-detection-sensor
2020-03-12T13:23:40.431Z [Simulation] info: [medicalGW-01-1] published: mqtt://localhost:1883 things/medicalGW-01-1/sensors/scale-sensor
2020-03-12T13:23:43.431Z [Simulation] info: [medicalGW-01-0] published: mqtt://localhost:1883 things/medicalGW-01-0/sensors/blood-pressure-sensor
2020-03-12T13:23:43.432Z [Simulation] info: [medicalGW-01-0] published: mqtt://localhost:1883 things/medicalGW-01-0/sensors/glucose-level-sensor
2020-03-12T13:23:43.432Z [Simulation] info: [medicalGW-01-0] published: mqtt://localhost:1883 things/medicalGW-01-0/sensors/motion-detection-sensor
2020-03-12T13:23:43.432Z [Simulation] info: [medicalGW-01-0] published: mqtt://localhost:1883 things/medicalGW-01-0/sensors/scale-sensor
2020-03-12T13:23:43.433Z [Simulation] info: [medicalGW-01-1] published: mqtt://localhost:1883 things/medicalGW-01-1/sensors/blood-pressure-sensor
2020-03-12T13:23:43.433Z [Simulation] info: [medicalGW-01-1] published: mqtt://localhost:1883 things/medicalGW-01-1/sensors/glucose-level-sensor
2020-03-12T13:23:43.433Z [Simulation] info: [medicalGW-01-1] published: mqtt://localhost:1883 things/medicalGW-01-1/sensors/motion-detection-sensor
2020-03-12T13:23:43.434Z [Simulation] info: [medicalGW-01-1] published: mqtt://localhost:1883 things/medicalGW-01-1/sensors/scale-sensor
2020-03-12T13:23:46.431Z [Simulation] info: [medicalGW-01-0] published: mqtt://localhost:1883 things/medicalGW-01-0/sensors/blood-pressure-sensor
2020-03-12T13:23:46.433Z [Simulation] info: [medicalGW-01-0] published: mqtt://localhost:1883 things/medicalGW-01-0/sensors/glucose-level-sensor
2020-03-12T13:23:46.433Z [Simulation] info: [medicalGW-01-0] published: mqtt://localhost:1883 things/medicalGW-01-0/sensors/motion-detection-sensor
2020-03-12T13:23:46.434Z [Simulation] info: [medicalGW-01-0] published: mqtt://localhost:1883 things/medicalGW-01-0/sensors/scale-sensor
2020-03-12T13:23:46.434Z [Simulation] info: [medicalGW-01-1] published: mqtt://localhost:1883 things/medicalGW-01-1/sensors/blood-pressure-sensor
2020-03-12T13:23:46.434Z [Simulation] info: [medicalGW-01-1] published: mqtt://localhost:1883 things/medicalGW-01-1/sensors/glucose-level-sensor
2020-03-12T13:23:46.434Z [Simulation] info: [medicalGW-01-1] published: mqtt://localhost:1883 things/medicalGW-01-1/sensors/motion-detection-sensor
2020-03-12T13:23:46.435Z [Simulation] info: [medicalGW-01-1] published: mqtt://localhost:1883 things/medicalGW-01-1/sensors/scale-sensor
2020-03-12T13:23:49.435Z [Simulation] info: [medicalGW-01-0] published: mqtt://localhost:1883 things/medicalGW-01-0/sensors/blood-pressure-sensor
2020-03-12T13:23:49.435Z [Simulation] info: [medicalGW-01-0] published: mqtt://localhost:1883 things/medicalGW-01-0/sensors/glucose-level-sensor
2020-03-12T13:23:49.436Z [Simulation] info: [medicalGW-01-0] published: mqtt://localhost:1883 things/medicalGW-01-0/sensors/motion-detection-sensor
2020-03-12T13:23:49.436Z [Simulation] info: [medicalGW-01-0] published: mqtt://localhost:1883 things/medicalGW-01-0/sensors/scale-sensor
2020-03-12T13:23:49.437Z [Simulation] info: [medicalGW-01-1] published: mqtt://localhost:1883 things/medicalGW-01-1/sensors/blood-pressure-sensor
2020-03-12T13:23:49.437Z [Simulation] info: [medicalGW-01-1] published: mqtt://localhost:1883 things/medicalGW-01-1/sensors/glucose-level-sensor
2020-03-12T13:23:49.437Z [Simulation] info: [medicalGW-01-1] published: mqtt://localhost:1883 things/medicalGW-01-1/sensors/motion-detection-sensor
2020-03-12T13:23:49.437Z [Simulation] info: [medicalGW-01-1] published: mqtt://localhost:1883 things/medicalGW-01-1/sensors/scale-sensor
2020-03-12T13:23:52.436Z [Simulation] info: [medicalGW-01-0] published: mqtt://localhost:1883 things/medicalGW-01-0/sensors/blood-pressure-sensor
2020-03-12T13:23:52.436Z [Simulation] info: [medicalGW-01-0] published: mqtt://localhost:1883 things/medicalGW-01-0/sensors/glucose-level-sensor
2020-03-12T13:23:52.437Z [Simulation] info: [medicalGW-01-0] published: mqtt://localhost:1883 things/medicalGW-01-0/sensors/motion-detection-sensor
2020-03-12T13:23:52.437Z [Simulation] info: [medicalGW-01-0] published: mqtt://localhost:1883 things/medicalGW-01-0/sensors/scale-sensor
2020-03-12T13:23:52.438Z [Simulation] info: [medicalGW-01-1] published: mqtt://localhost:1883 things/medicalGW-01-1/sensors/blood-pressure-sensor
2020-03-12T13:23:52.438Z [Simulation] info: [medicalGW-01-1] published: mqtt://localhost:1883 things/medicalGW-01-1/sensors/glucose-level-sensor
2020-03-12T13:23:52.438Z [Simulation] info: [medicalGW-01-1] published: mqtt://localhost:1883 things/medicalGW-01-1/sensors/motion-detection-sensor
2020-03-12T13:23:52.438Z [Simulation] info: [medicalGW-01-1] published: mqtt://localhost:1883 things/medicalGW-01-1/sensors/scale-sensor
2020-03-12T13:23:55.439Z [Simulation] info: [medicalGW-01-0] published: mqtt://localhost:1883 things/medicalGW-01-0/sensors/blood-pressure-sensor
2020-03-12T13:23:55.440Z [Simulation] info: [medicalGW-01-0] published: mqtt://localhost:1883 things/medicalGW-01-0/sensors/glucose-level-sensor
2020-03-12T13:23:55.440Z [Simulation] info: [medicalGW-01-0] published: mqtt://localhost:1883 things/medicalGW-01-0/sensors/motion-detection-sensor
2020-03-12T13:23:55.440Z [Simulation] info: [medicalGW-01-0] published: mqtt://localhost:1883 things/medicalGW-01-0/sensors/scale-sensor
2020-03-12T13:23:55.440Z [Simulation] info: [medicalGW-01-1] published: mqtt://localhost:1883 things/medicalGW-01-1/sensors/blood-pressure-sensor
2020-03-12T13:23:55.440Z [Simulation] info: [medicalGW-01-1] published: mqtt://localhost:1883 things/medicalGW-01-1/sensors/glucose-level-sensor
2020-03-12T13:23:55.441Z [Simulation] info: [medicalGW-01-1] published: mqtt://localhost:1883 things/medicalGW-01-1/sensors/motion-detection-sensor
2020-03-12T13:23:55.441Z [Simulation] info: [medicalGW-01-1] published: mqtt://localhost:1883 things/medicalGW-01-1/sensors/scale-sensor
2020-03-12T13:23:58.443Z [Simulation] info: [medicalGW-01-0] published: mqtt://localhost:1883 things/medicalGW-01-0/sensors/blood-pressure-sensor
2020-03-12T13:23:58.443Z [Simulation] info: [medicalGW-01-0] published: mqtt://localhost:1883 things/medicalGW-01-0/sensors/glucose-level-sensor
2020-03-12T13:23:58.444Z [Simulation] info: [medicalGW-01-0] published: mqtt://localhost:1883 things/medicalGW-01-0/sensors/motion-detection-sensor
2020-03-12T13:23:58.444Z [Simulation] info: [medicalGW-01-0] published: mqtt://localhost:1883 things/medicalGW-01-0/sensors/scale-sensor
2020-03-12T13:23:58.444Z [Simulation] info: [medicalGW-01-1] published: mqtt://localhost:1883 things/medicalGW-01-1/sensors/blood-pressure-sensor
2020-03-12T13:23:58.444Z [Simulation] info: [medicalGW-01-1] published: mqtt://localhost:1883 things/medicalGW-01-1/sensors/glucose-level-sensor
2020-03-12T13:23:58.445Z [Simulation] info: [medicalGW-01-1] published: mqtt://localhost:1883 things/medicalGW-01-1/sensors/motion-detection-sensor
2020-03-12T13:23:58.445Z [Simulation] info: [medicalGW-01-1] published: mqtt://localhost:1883 things/medicalGW-01-1/sensors/scale-sensor
2020-03-12T13:24:01.445Z [Simulation] info: [medicalGW-01-0] published: mqtt://localhost:1883 things/medicalGW-01-0/sensors/blood-pressure-sensor
2020-03-12T13:24:01.445Z [Simulation] info: [medicalGW-01-0] published: mqtt://localhost:1883 things/medicalGW-01-0/sensors/glucose-level-sensor
2020-03-12T13:24:01.445Z [Simulation] info: [medicalGW-01-0] published: mqtt://localhost:1883 things/medicalGW-01-0/sensors/motion-detection-sensor
2020-03-12T13:24:01.445Z [Simulation] info: [medicalGW-01-0] published: mqtt://localhost:1883 things/medicalGW-01-0/sensors/scale-sensor
2020-03-12T13:24:01.446Z [Simulation] info: [medicalGW-01-1] published: mqtt://localhost:1883 things/medicalGW-01-1/sensors/blood-pressure-sensor
2020-03-12T13:24:01.446Z [Simulation] info: [medicalGW-01-1] published: mqtt://localhost:1883 things/medicalGW-01-1/sensors/glucose-level-sensor
2020-03-12T13:24:01.448Z [Simulation] info: [medicalGW-01-1] published: mqtt://localhost:1883 things/medicalGW-01-1/sensors/motion-detection-sensor
2020-03-12T13:24:01.448Z [Simulation] info: [medicalGW-01-1] published: mqtt://localhost:1883 things/medicalGW-01-1/sensors/scale-sensor
2020-03-12T13:44:24.066Z [Simulation] info: [medicalGW-01-0] connected to MQTT broker mqtt://localhost:1883
2020-03-12T13:44:24.069Z [Simulation] info: [medicalGW-01-0] listening actuated data on channel: things/medicalGW-01-0/actuators/#
2020-03-12T13:44:24.070Z [Simulation] info: [medicalGW-01-0] initializing...
2020-03-12T13:44:24.070Z [Simulation] info: [medicalGW-01-0] added new sensor blood-pressure-sensor
2020-03-12T13:44:24.070Z [Simulation] info: [medicalGW-01-0] added new sensor glucose-level-sensor
2020-03-12T13:44:24.070Z [Simulation] info: [medicalGW-01-0] added new sensor motion-detection-sensor
2020-03-12T13:44:24.070Z [Simulation] info: [medicalGW-01-0] added new sensor scale-sensor
2020-03-12T13:44:24.071Z [Simulation] info: [medicalGW-01-0] added new actuator light-intensity-actuator
2020-03-12T13:44:24.071Z [Simulation] info: [medicalGW-01-0] added new actuator heating-level-actuator
2020-03-12T13:44:24.071Z [Simulation] info: [blood-pressure-sensor] has been started!
2020-03-12T13:44:24.071Z [Simulation] info: [blood-pressure-sensor] generate randomly data Integer and publish the data in every 3 seconds
2020-03-12T13:44:24.071Z [Simulation] info: [glucose-level-sensor] has been started!
2020-03-12T13:44:24.071Z [Simulation] info: [glucose-level-sensor] generate randomly data Enum and publish the data in every 3 seconds
2020-03-12T13:44:24.071Z [Simulation] info: [motion-detection-sensor] has been started!
2020-03-12T13:44:24.071Z [Simulation] info: [motion-detection-sensor] generate randomly data Boolean and publish the data in every 3 seconds
2020-03-12T13:44:24.071Z [Simulation] info: [scale-sensor] has been started!
2020-03-12T13:44:24.072Z [Simulation] info: [scale-sensor] generate randomly data Double and publish the data in every 3 seconds
2020-03-12T13:44:24.074Z [Simulation] info: [medicalGW-01-1] connected to MQTT broker mqtt://localhost:1883
2020-03-12T13:44:24.074Z [Simulation] info: [medicalGW-01-1] listening actuated data on channel: things/medicalGW-01-1/actuators/#
2020-03-12T13:44:24.074Z [Simulation] info: [medicalGW-01-1] initializing...
2020-03-12T13:44:24.074Z [Simulation] info: [medicalGW-01-1] added new sensor blood-pressure-sensor
2020-03-12T13:44:24.074Z [Simulation] info: [medicalGW-01-1] added new sensor glucose-level-sensor
2020-03-12T13:44:24.075Z [Simulation] info: [medicalGW-01-1] added new sensor motion-detection-sensor
2020-03-12T13:44:24.075Z [Simulation] info: [medicalGW-01-1] added new sensor scale-sensor
2020-03-12T13:44:24.075Z [Simulation] info: [medicalGW-01-1] added new actuator light-intensity-actuator
2020-03-12T13:44:24.075Z [Simulation] info: [medicalGW-01-1] added new actuator heating-level-actuator
2020-03-12T13:44:24.075Z [Simulation] info: [blood-pressure-sensor] has been started!
2020-03-12T13:44:24.075Z [Simulation] info: [blood-pressure-sensor] generate randomly data Integer and publish the data in every 3 seconds
2020-03-12T13:44:24.075Z [Simulation] info: [glucose-level-sensor] has been started!
2020-03-12T13:44:24.075Z [Simulation] info: [glucose-level-sensor] generate randomly data Enum and publish the data in every 3 seconds
2020-03-12T13:44:24.075Z [Simulation] info: [motion-detection-sensor] has been started!
2020-03-12T13:44:24.076Z [Simulation] info: [motion-detection-sensor] generate randomly data Boolean and publish the data in every 3 seconds
2020-03-12T13:44:24.076Z [Simulation] info: [scale-sensor] has been started!
2020-03-12T13:44:24.076Z [Simulation] info: [scale-sensor] generate randomly data Double and publish the data in every 3 seconds
2020-03-12T13:44:27.076Z [Simulation] info: [medicalGW-01-0] published: mqtt://localhost:1883 things/medicalGW-01-0/sensors/blood-pressure-sensor
2020-03-12T13:44:27.078Z [Simulation] info: [medicalGW-01-0] published: mqtt://localhost:1883 things/medicalGW-01-0/sensors/glucose-level-sensor
2020-03-12T13:44:27.078Z [Simulation] info: [medicalGW-01-0] published: mqtt://localhost:1883 things/medicalGW-01-0/sensors/motion-detection-sensor
2020-03-12T13:44:27.079Z [Simulation] info: [medicalGW-01-0] published: mqtt://localhost:1883 things/medicalGW-01-0/sensors/scale-sensor
2020-03-12T13:44:27.079Z [Simulation] info: [medicalGW-01-1] published: mqtt://localhost:1883 things/medicalGW-01-1/sensors/blood-pressure-sensor
2020-03-12T13:44:27.079Z [Simulation] info: [medicalGW-01-1] published: mqtt://localhost:1883 things/medicalGW-01-1/sensors/glucose-level-sensor
2020-03-12T13:44:27.080Z [Simulation] info: [medicalGW-01-1] published: mqtt://localhost:1883 things/medicalGW-01-1/sensors/motion-detection-sensor
2020-03-12T13:44:27.080Z [Simulation] info: [medicalGW-01-1] published: mqtt://localhost:1883 things/medicalGW-01-1/sensors/scale-sensor
2020-03-12T13:44:30.080Z [Simulation] info: [medicalGW-01-0] published: mqtt://localhost:1883 things/medicalGW-01-0/sensors/blood-pressure-sensor
2020-03-12T13:44:30.081Z [Simulation] info: [medicalGW-01-0] published: mqtt://localhost:1883 things/medicalGW-01-0/sensors/glucose-level-sensor
2020-03-12T13:44:30.081Z [Simulation] info: [medicalGW-01-0] published: mqtt://localhost:1883 things/medicalGW-01-0/sensors/motion-detection-sensor
2020-03-12T13:44:30.082Z [Simulation] info: [medicalGW-01-0] published: mqtt://localhost:1883 things/medicalGW-01-0/sensors/scale-sensor
2020-03-12T13:44:30.083Z [Simulation] info: [medicalGW-01-1] published: mqtt://localhost:1883 things/medicalGW-01-1/sensors/blood-pressure-sensor
2020-03-12T13:44:30.083Z [Simulation] info: [medicalGW-01-1] published: mqtt://localhost:1883 things/medicalGW-01-1/sensors/glucose-level-sensor
2020-03-12T13:44:30.084Z [Simulation] info: [medicalGW-01-1] published: mqtt://localhost:1883 things/medicalGW-01-1/sensors/motion-detection-sensor
2020-03-12T13:44:30.084Z [Simulation] info: [medicalGW-01-1] published: mqtt://localhost:1883 things/medicalGW-01-1/sensors/scale-sensor
2020-03-12T13:44:33.084Z [Simulation] info: [medicalGW-01-0] published: mqtt://localhost:1883 things/medicalGW-01-0/sensors/blood-pressure-sensor
2020-03-12T13:44:33.085Z [Simulation] info: [medicalGW-01-0] published: mqtt://localhost:1883 things/medicalGW-01-0/sensors/glucose-level-sensor
2020-03-12T13:44:33.085Z [Simulation] info: [medicalGW-01-0] published: mqtt://localhost:1883 things/medicalGW-01-0/sensors/motion-detection-sensor
2020-03-12T13:44:33.085Z [Simulation] info: [medicalGW-01-0] published: mqtt://localhost:1883 things/medicalGW-01-0/sensors/scale-sensor
2020-03-12T13:44:33.086Z [Simulation] info: [medicalGW-01-1] published: mqtt://localhost:1883 things/medicalGW-01-1/sensors/blood-pressure-sensor
2020-03-12T13:44:33.086Z [Simulation] info: [medicalGW-01-1] published: mqtt://localhost:1883 things/medicalGW-01-1/sensors/glucose-level-sensor
2020-03-12T13:44:33.086Z [Simulation] info: [medicalGW-01-1] published: mqtt://localhost:1883 things/medicalGW-01-1/sensors/motion-detection-sensor
2020-03-12T13:44:33.087Z [Simulation] info: [medicalGW-01-1] published: mqtt://localhost:1883 things/medicalGW-01-1/sensors/scale-sensor
2020-03-12T13:44:35.002Z [Simulation] info: [medicalGW-01-0] going to stop the simulation!
2020-03-12T13:44:35.002Z [Simulation] info: [blood-pressure-sensor] stopped!
2020-03-12T13:44:35.003Z [Simulation] info: [glucose-level-sensor] stopped!
2020-03-12T13:44:35.003Z [Simulation] info: [motion-detection-sensor] stopped!
2020-03-12T13:44:35.003Z [Simulation] info: [scale-sensor] stopped!
2020-03-12T13:44:35.003Z [Simulation] info: [medicalGW-01-1] going to stop the simulation!
2020-03-12T13:44:35.003Z [Simulation] info: [blood-pressure-sensor] stopped!
2020-03-12T13:44:35.003Z [Simulation] info: [glucose-level-sensor] stopped!
2020-03-12T13:44:35.003Z [Simulation] info: [motion-detection-sensor] stopped!
2020-03-12T13:44:35.003Z [Simulation] info: [scale-sensor] stopped!
2020-03-12T13:55:58.107Z [Simulation] info: [medicalGW-01-0] connected to MQTT broker mqtt://localhost:1883
2020-03-12T13:55:58.111Z [Simulation] info: [medicalGW-01-0] listening actuated data on channel: things/medicalGW-01-0/actuators/#
2020-03-12T13:55:58.111Z [Simulation] info: [medicalGW-01-0] initializing...
2020-03-12T13:55:58.112Z [Simulation] info: [medicalGW-01-0] added new sensor blood-pressure-sensor
2020-03-12T13:55:58.112Z [Simulation] info: [medicalGW-01-0] added new sensor glucose-level-sensor
2020-03-12T13:55:58.112Z [Simulation] info: [medicalGW-01-0] added new sensor motion-detection-sensor
2020-03-12T13:55:58.112Z [Simulation] info: [medicalGW-01-0] added new sensor scale-sensor
2020-03-12T13:55:58.112Z [Simulation] info: [medicalGW-01-0] added new actuator light-intensity-actuator
2020-03-12T13:55:58.112Z [Simulation] info: [medicalGW-01-0] added new actuator heating-level-actuator
2020-03-12T13:55:58.113Z [Simulation] info: [blood-pressure-sensor] has been started!
2020-03-12T13:55:58.113Z [Simulation] info: [blood-pressure-sensor] generate randomly data Integer and publish the data in every 3 seconds
2020-03-12T13:55:58.113Z [Simulation] info: [glucose-level-sensor] has been started!
2020-03-12T13:55:58.113Z [Simulation] info: [glucose-level-sensor] generate randomly data Enum and publish the data in every 3 seconds
2020-03-12T13:55:58.113Z [Simulation] info: [motion-detection-sensor] has been started!
2020-03-12T13:55:58.113Z [Simulation] info: [motion-detection-sensor] generate randomly data Boolean and publish the data in every 3 seconds
2020-03-12T13:55:58.113Z [Simulation] info: [scale-sensor] has been started!
2020-03-12T13:55:58.113Z [Simulation] info: [scale-sensor] generate randomly data Double and publish the data in every 3 seconds
2020-03-12T13:55:58.116Z [Simulation] info: [medicalGW-01-1] connected to MQTT broker mqtt://localhost:1883
2020-03-12T13:55:58.117Z [Simulation] info: [medicalGW-01-1] listening actuated data on channel: things/medicalGW-01-1/actuators/#
2020-03-12T13:55:58.118Z [Simulation] info: [medicalGW-01-1] initializing...
2020-03-12T13:55:58.118Z [Simulation] info: [medicalGW-01-1] added new sensor blood-pressure-sensor
2020-03-12T13:55:58.118Z [Simulation] info: [medicalGW-01-1] added new sensor glucose-level-sensor
2020-03-12T13:55:58.118Z [Simulation] info: [medicalGW-01-1] added new sensor motion-detection-sensor
2020-03-12T13:55:58.118Z [Simulation] info: [medicalGW-01-1] added new sensor scale-sensor
2020-03-12T13:55:58.118Z [Simulation] info: [medicalGW-01-1] added new actuator light-intensity-actuator
2020-03-12T13:55:58.118Z [Simulation] info: [medicalGW-01-1] added new actuator heating-level-actuator
2020-03-12T13:55:58.118Z [Simulation] info: [blood-pressure-sensor] has been started!
2020-03-12T13:55:58.118Z [Simulation] info: [blood-pressure-sensor] generate randomly data Integer and publish the data in every 3 seconds
2020-03-12T13:55:58.118Z [Simulation] info: [glucose-level-sensor] has been started!
2020-03-12T13:55:58.119Z [Simulation] info: [glucose-level-sensor] generate randomly data Enum and publish the data in every 3 seconds
2020-03-12T13:55:58.119Z [Simulation] info: [motion-detection-sensor] has been started!
2020-03-12T13:55:58.119Z [Simulation] info: [motion-detection-sensor] generate randomly data Boolean and publish the data in every 3 seconds
2020-03-12T13:55:58.119Z [Simulation] info: [scale-sensor] has been started!
2020-03-12T13:55:58.119Z [Simulation] info: [scale-sensor] generate randomly data Double and publish the data in every 3 seconds
2020-03-12T13:56:01.115Z [Simulation] info: [medicalGW-01-0] published: mqtt://localhost:1883 things/medicalGW-01-0/sensors/blood-pressure-sensor
2020-03-12T13:56:01.115Z [Simulation] info: [medicalGW-01-0] published: mqtt://localhost:1883 things/medicalGW-01-0/sensors/glucose-level-sensor
2020-03-12T13:56:01.116Z [Simulation] info: [medicalGW-01-0] published: mqtt://localhost:1883 things/medicalGW-01-0/sensors/motion-detection-sensor
2020-03-12T13:56:01.116Z [Simulation] info: [medicalGW-01-0] published: mqtt://localhost:1883 things/medicalGW-01-0/sensors/scale-sensor
2020-03-12T13:56:01.120Z [Simulation] info: [medicalGW-01-1] published: mqtt://localhost:1883 things/medicalGW-01-1/sensors/blood-pressure-sensor
2020-03-12T13:56:01.120Z [Simulation] info: [medicalGW-01-1] published: mqtt://localhost:1883 things/medicalGW-01-1/sensors/glucose-level-sensor
2020-03-12T13:56:01.120Z [Simulation] info: [medicalGW-01-1] published: mqtt://localhost:1883 things/medicalGW-01-1/sensors/motion-detection-sensor
2020-03-12T13:56:01.120Z [Simulation] info: [medicalGW-01-1] published: mqtt://localhost:1883 things/medicalGW-01-1/sensors/scale-sensor
2020-03-12T13:56:04.115Z [Simulation] info: [medicalGW-01-0] published: mqtt://localhost:1883 things/medicalGW-01-0/sensors/blood-pressure-sensor
2020-03-12T13:56:04.117Z [Simulation] info: [medicalGW-01-0] published: mqtt://localhost:1883 things/medicalGW-01-0/sensors/glucose-level-sensor
2020-03-12T13:56:04.117Z [Simulation] info: [medicalGW-01-0] published: mqtt://localhost:1883 things/medicalGW-01-0/sensors/motion-detection-sensor
2020-03-12T13:56:04.118Z [Simulation] info: [medicalGW-01-0] published: mqtt://localhost:1883 things/medicalGW-01-0/sensors/scale-sensor
2020-03-12T13:56:04.120Z [Simulation] info: [medicalGW-01-1] published: mqtt://localhost:1883 things/medicalGW-01-1/sensors/blood-pressure-sensor
2020-03-12T13:56:04.121Z [Simulation] info: [medicalGW-01-1] published: mqtt://localhost:1883 things/medicalGW-01-1/sensors/glucose-level-sensor
2020-03-12T13:56:04.121Z [Simulation] info: [medicalGW-01-1] published: mqtt://localhost:1883 things/medicalGW-01-1/sensors/motion-detection-sensor
2020-03-12T13:56:04.121Z [Simulation] info: [medicalGW-01-1] published: mqtt://localhost:1883 things/medicalGW-01-1/sensors/scale-sensor
2020-03-12T13:56:07.119Z [Simulation] info: [medicalGW-01-0] published: mqtt://localhost:1883 things/medicalGW-01-0/sensors/blood-pressure-sensor
2020-03-12T13:56:07.120Z [Simulation] info: [medicalGW-01-0] published: mqtt://localhost:1883 things/medicalGW-01-0/sensors/glucose-level-sensor
2020-03-12T13:56:07.120Z [Simulation] info: [medicalGW-01-0] published: mqtt://localhost:1883 things/medicalGW-01-0/sensors/motion-detection-sensor
2020-03-12T13:56:07.120Z [Simulation] info: [medicalGW-01-0] published: mqtt://localhost:1883 things/medicalGW-01-0/sensors/scale-sensor
2020-03-12T13:56:07.122Z [Simulation] info: [medicalGW-01-1] published: mqtt://localhost:1883 things/medicalGW-01-1/sensors/blood-pressure-sensor
2020-03-12T13:56:07.122Z [Simulation] info: [medicalGW-01-1] published: mqtt://localhost:1883 things/medicalGW-01-1/sensors/glucose-level-sensor
2020-03-12T13:56:07.123Z [Simulation] info: [medicalGW-01-1] published: mqtt://localhost:1883 things/medicalGW-01-1/sensors/motion-detection-sensor
2020-03-12T13:56:07.123Z [Simulation] info: [medicalGW-01-1] published: mqtt://localhost:1883 things/medicalGW-01-1/sensors/scale-sensor
2020-03-12T13:56:10.120Z [Simulation] info: [medicalGW-01-0] published: mqtt://localhost:1883 things/medicalGW-01-0/sensors/blood-pressure-sensor
2020-03-12T13:56:10.121Z [Simulation] info: [medicalGW-01-0] published: mqtt://localhost:1883 things/medicalGW-01-0/sensors/glucose-level-sensor
2020-03-12T13:56:10.121Z [Simulation] info: [medicalGW-01-0] published: mqtt://localhost:1883 things/medicalGW-01-0/sensors/motion-detection-sensor
2020-03-12T13:56:10.122Z [Simulation] info: [medicalGW-01-0] published: mqtt://localhost:1883 things/medicalGW-01-0/sensors/scale-sensor
2020-03-12T13:56:10.123Z [Simulation] info: [medicalGW-01-1] published: mqtt://localhost:1883 things/medicalGW-01-1/sensors/blood-pressure-sensor
2020-03-12T13:56:10.123Z [Simulation] info: [medicalGW-01-1] published: mqtt://localhost:1883 things/medicalGW-01-1/sensors/glucose-level-sensor
2020-03-12T13:56:10.125Z [Simulation] info: [medicalGW-01-1] published: mqtt://localhost:1883 things/medicalGW-01-1/sensors/motion-detection-sensor
2020-03-12T13:56:10.127Z [Simulation] info: [medicalGW-01-1] published: mqtt://localhost:1883 things/medicalGW-01-1/sensors/scale-sensor
2020-03-12T13:56:13.125Z [Simulation] info: [medicalGW-01-0] published: mqtt://localhost:1883 things/medicalGW-01-0/sensors/blood-pressure-sensor
2020-03-12T13:56:13.125Z [Simulation] info: [medicalGW-01-0] published: mqtt://localhost:1883 things/medicalGW-01-0/sensors/glucose-level-sensor
2020-03-12T13:56:13.126Z [Simulation] info: [medicalGW-01-0] published: mqtt://localhost:1883 things/medicalGW-01-0/sensors/motion-detection-sensor
2020-03-12T13:56:13.126Z [Simulation] info: [medicalGW-01-0] published: mqtt://localhost:1883 things/medicalGW-01-0/sensors/scale-sensor
2020-03-12T13:56:13.126Z [Simulation] info: [medicalGW-01-1] published: mqtt://localhost:1883 things/medicalGW-01-1/sensors/blood-pressure-sensor
2020-03-12T13:56:13.127Z [Simulation] info: [medicalGW-01-1] published: mqtt://localhost:1883 things/medicalGW-01-1/sensors/glucose-level-sensor
2020-03-12T13:56:13.129Z [Simulation] info: [medicalGW-01-1] published: mqtt://localhost:1883 things/medicalGW-01-1/sensors/motion-detection-sensor
2020-03-12T13:56:13.129Z [Simulation] info: [medicalGW-01-1] published: mqtt://localhost:1883 things/medicalGW-01-1/sensors/scale-sensor
2020-03-12T13:56:16.128Z [Simulation] info: [medicalGW-01-0] published: mqtt://localhost:1883 things/medicalGW-01-0/sensors/blood-pressure-sensor
2020-03-12T13:56:16.129Z [Simulation] info: [medicalGW-01-0] published: mqtt://localhost:1883 things/medicalGW-01-0/sensors/glucose-level-sensor
2020-03-12T13:56:16.129Z [Simulation] info: [medicalGW-01-0] published: mqtt://localhost:1883 things/medicalGW-01-0/sensors/motion-detection-sensor
2020-03-12T13:56:16.129Z [Simulation] info: [medicalGW-01-0] published: mqtt://localhost:1883 things/medicalGW-01-0/sensors/scale-sensor
2020-03-12T13:56:16.129Z [Simulation] info: [medicalGW-01-1] published: mqtt://localhost:1883 things/medicalGW-01-1/sensors/blood-pressure-sensor
2020-03-12T13:56:16.130Z [Simulation] info: [medicalGW-01-1] published: mqtt://localhost:1883 things/medicalGW-01-1/sensors/glucose-level-sensor
2020-03-12T13:56:16.130Z [Simulation] info: [medicalGW-01-1] published: mqtt://localhost:1883 things/medicalGW-01-1/sensors/motion-detection-sensor
2020-03-12T13:56:16.131Z [Simulation] info: [medicalGW-01-1] published: mqtt://localhost:1883 things/medicalGW-01-1/sensors/scale-sensor
2020-03-12T13:56:19.133Z [Simulation] info: [medicalGW-01-0] published: mqtt://localhost:1883 things/medicalGW-01-0/sensors/blood-pressure-sensor
2020-03-12T13:56:19.133Z [Simulation] info: [medicalGW-01-0] published: mqtt://localhost:1883 things/medicalGW-01-0/sensors/glucose-level-sensor
2020-03-12T13:56:19.134Z [Simulation] info: [medicalGW-01-0] published: mqtt://localhost:1883 things/medicalGW-01-0/sensors/motion-detection-sensor
2020-03-12T13:56:19.134Z [Simulation] info: [medicalGW-01-0] published: mqtt://localhost:1883 things/medicalGW-01-0/sensors/scale-sensor
2020-03-12T13:56:19.135Z [Simulation] info: [medicalGW-01-1] published: mqtt://localhost:1883 things/medicalGW-01-1/sensors/blood-pressure-sensor
2020-03-12T13:56:19.135Z [Simulation] info: [medicalGW-01-1] published: mqtt://localhost:1883 things/medicalGW-01-1/sensors/glucose-level-sensor
2020-03-12T13:56:19.135Z [Simulation] info: [medicalGW-01-1] published: mqtt://localhost:1883 things/medicalGW-01-1/sensors/motion-detection-sensor
2020-03-12T13:56:19.136Z [Simulation] info: [medicalGW-01-1] published: mqtt://localhost:1883 things/medicalGW-01-1/sensors/scale-sensor
2020-03-12T13:56:22.137Z [Simulation] info: [medicalGW-01-0] published: mqtt://localhost:1883 things/medicalGW-01-0/sensors/blood-pressure-sensor
2020-03-12T13:56:22.138Z [Simulation] info: [medicalGW-01-0] published: mqtt://localhost:1883 things/medicalGW-01-0/sensors/glucose-level-sensor
2020-03-12T13:56:22.138Z [Simulation] info: [medicalGW-01-0] published: mqtt://localhost:1883 things/medicalGW-01-0/sensors/motion-detection-sensor
2020-03-12T13:56:22.138Z [Simulation] info: [medicalGW-01-0] published: mqtt://localhost:1883 things/medicalGW-01-0/sensors/scale-sensor
2020-03-12T13:56:22.138Z [Simulation] info: [medicalGW-01-1] published: mqtt://localhost:1883 things/medicalGW-01-1/sensors/blood-pressure-sensor
2020-03-12T13:56:22.139Z [Simulation] info: [medicalGW-01-1] published: mqtt://localhost:1883 things/medicalGW-01-1/sensors/glucose-level-sensor
2020-03-12T13:56:22.139Z [Simulation] info: [medicalGW-01-1] published: mqtt://localhost:1883 things/medicalGW-01-1/sensors/motion-detection-sensor
2020-03-12T13:56:22.139Z [Simulation] info: [medicalGW-01-1] published: mqtt://localhost:1883 things/medicalGW-01-1/sensors/scale-sensor
2020-03-12T13:56:24.894Z [Simulation] info: [medicalGW-01-0] going to stop the simulation!
2020-03-12T13:56:24.894Z [Simulation] info: [blood-pressure-sensor] stopped!
2020-03-12T13:56:24.894Z [Simulation] info: [glucose-level-sensor] stopped!
2020-03-12T13:56:24.894Z [Simulation] info: [motion-detection-sensor] stopped!
2020-03-12T13:56:24.894Z [Simulation] info: [scale-sensor] stopped!
2020-03-12T13:56:24.895Z [Simulation] info: [medicalGW-01-1] going to stop the simulation!
2020-03-12T13:56:24.895Z [Simulation] info: [blood-pressure-sensor] stopped!
2020-03-12T13:56:24.895Z [Simulation] info: [glucose-level-sensor] stopped!
2020-03-12T13:56:24.895Z [Simulation] info: [motion-detection-sensor] stopped!
2020-03-12T13:56:24.895Z [Simulation] info: [scale-sensor] stopped!
2020-03-12T14:01:38.865Z [Simulation] info: [medicalGW-01-0] connected to MQTT broker mqtt://localhost:1883
2020-03-12T14:01:38.871Z [Simulation] info: [medicalGW-01-0] listening actuated data on channel: things/medicalGW-01-0/actuators/#
2020-03-12T14:01:38.871Z [Simulation] info: [medicalGW-01-0] initializing...
2020-03-12T14:01:38.872Z [Simulation] info: [medicalGW-01-0] added new sensor blood-pressure-sensor
2020-03-12T14:01:38.873Z [Simulation] info: [medicalGW-01-0] added new sensor glucose-level-sensor
2020-03-12T14:01:38.873Z [Simulation] info: [medicalGW-01-0] added new sensor motion-detection-sensor
2020-03-12T14:01:38.873Z [Simulation] info: [medicalGW-01-0] added new sensor scale-sensor
2020-03-12T14:01:38.874Z [Simulation] info: [medicalGW-01-0] added new actuator light-intensity-actuator
2020-03-12T14:01:38.874Z [Simulation] info: [medicalGW-01-0] added new actuator heating-level-actuator
2020-03-12T14:01:38.874Z [Simulation] info: [blood-pressure-sensor] has been started!
2020-03-12T14:01:38.874Z [Simulation] info: [blood-pressure-sensor] generate randomly data Integer and publish the data in every 3 seconds
2020-03-12T14:01:38.874Z [Simulation] info: [glucose-level-sensor] has been started!
2020-03-12T14:01:38.874Z [Simulation] info: [glucose-level-sensor] generate randomly data Enum and publish the data in every 3 seconds
2020-03-12T14:01:38.874Z [Simulation] info: [motion-detection-sensor] has been started!
2020-03-12T14:01:38.874Z [Simulation] info: [motion-detection-sensor] generate randomly data Boolean and publish the data in every 3 seconds
2020-03-12T14:01:38.874Z [Simulation] info: [scale-sensor] has been started!
2020-03-12T14:01:38.874Z [Simulation] info: [scale-sensor] generate randomly data Double and publish the data in every 3 seconds
2020-03-12T14:01:38.885Z [Simulation] info: [medicalGW-01-1] connected to MQTT broker mqtt://localhost:1883
2020-03-12T14:01:38.886Z [Simulation] info: [medicalGW-01-1] listening actuated data on channel: things/medicalGW-01-1/actuators/#
2020-03-12T14:01:38.886Z [Simulation] info: [medicalGW-01-1] initializing...
2020-03-12T14:01:38.886Z [Simulation] info: [medicalGW-01-1] added new sensor blood-pressure-sensor
2020-03-12T14:01:38.887Z [Simulation] info: [medicalGW-01-1] added new sensor glucose-level-sensor
2020-03-12T14:01:38.887Z [Simulation] info: [medicalGW-01-1] added new sensor motion-detection-sensor
2020-03-12T14:01:38.888Z [Simulation] info: [medicalGW-01-1] added new sensor scale-sensor
2020-03-12T14:01:38.888Z [Simulation] info: [medicalGW-01-1] added new actuator light-intensity-actuator
2020-03-12T14:01:38.888Z [Simulation] info: [medicalGW-01-1] added new actuator heating-level-actuator
2020-03-12T14:01:38.888Z [Simulation] info: [blood-pressure-sensor] has been started!
2020-03-12T14:01:38.888Z [Simulation] info: [blood-pressure-sensor] generate randomly data Integer and publish the data in every 3 seconds
2020-03-12T14:01:38.888Z [Simulation] info: [glucose-level-sensor] has been started!
2020-03-12T14:01:38.888Z [Simulation] info: [glucose-level-sensor] generate randomly data Enum and publish the data in every 3 seconds
2020-03-12T14:01:38.888Z [Simulation] info: [motion-detection-sensor] has been started!
2020-03-12T14:01:38.888Z [Simulation] info: [motion-detection-sensor] generate randomly data Boolean and publish the data in every 3 seconds
2020-03-12T14:01:38.888Z [Simulation] info: [scale-sensor] has been started!
2020-03-12T14:01:38.888Z [Simulation] info: [scale-sensor] generate randomly data Double and publish the data in every 3 seconds
2020-03-12T14:01:41.878Z [Simulation] info: [medicalGW-01-0] published: mqtt://localhost:1883 things/medicalGW-01-0/sensors/blood-pressure-sensor
2020-03-12T14:01:41.879Z [Simulation] info: [medicalGW-01-0] published: mqtt://localhost:1883 things/medicalGW-01-0/sensors/glucose-level-sensor
2020-03-12T14:01:41.879Z [Simulation] info: [medicalGW-01-0] published: mqtt://localhost:1883 things/medicalGW-01-0/sensors/motion-detection-sensor
2020-03-12T14:01:41.880Z [Simulation] info: [medicalGW-01-0] published: mqtt://localhost:1883 things/medicalGW-01-0/sensors/scale-sensor
2020-03-12T14:01:41.888Z [Simulation] info: [medicalGW-01-1] published: mqtt://localhost:1883 things/medicalGW-01-1/sensors/blood-pressure-sensor
2020-03-12T14:01:41.889Z [Simulation] info: [medicalGW-01-1] published: mqtt://localhost:1883 things/medicalGW-01-1/sensors/glucose-level-sensor
2020-03-12T14:01:41.890Z [Simulation] info: [medicalGW-01-1] published: mqtt://localhost:1883 things/medicalGW-01-1/sensors/motion-detection-sensor
2020-03-12T14:01:41.891Z [Simulation] info: [medicalGW-01-1] published: mqtt://localhost:1883 things/medicalGW-01-1/sensors/scale-sensor
2020-03-12T14:01:42.359Z [Simulation] info: [medicalGW-01-0] going to stop the simulation!
2020-03-12T14:01:42.359Z [Simulation] info: [blood-pressure-sensor] stopped!
2020-03-12T14:01:42.359Z [Simulation] info: [glucose-level-sensor] stopped!
2020-03-12T14:01:42.359Z [Simulation] info: [motion-detection-sensor] stopped!
2020-03-12T14:01:42.359Z [Simulation] info: [scale-sensor] stopped!
2020-03-12T14:01:42.360Z [Simulation] info: [medicalGW-01-1] going to stop the simulation!
2020-03-12T14:01:42.360Z [Simulation] info: [blood-pressure-sensor] stopped!
2020-03-12T14:01:42.360Z [Simulation] info: [glucose-level-sensor] stopped!
2020-03-12T14:01:42.360Z [Simulation] info: [motion-detection-sensor] stopped!
2020-03-12T14:01:42.360Z [Simulation] info: [scale-sensor] stopped!
