2020-03-11T15:52:34.378Z [Simulation] info: [medicalGW-01-0] connected to MQTT broker mqtt://localhost:1883
2020-03-11T15:52:34.381Z [Simulation] info: [medicalGW-01-0] listening actuated data on channel: things/medicalGW-01-0/actuators/#
2020-03-11T15:52:34.381Z [Simulation] info: [medicalGW-01-0] initializing...
2020-03-11T15:52:34.381Z [Simulation] info: [medicalGW-01-0] added new sensor blood-pressure-sensor
2020-03-11T15:52:34.381Z [Simulation] info: [medicalGW-01-0] added new sensor glucose-level-sensor
2020-03-11T15:52:34.382Z [Simulation] info: [medicalGW-01-0] added new sensor motion-detection-sensor
2020-03-11T15:52:34.382Z [Simulation] info: [medicalGW-01-0] added new sensor scale-sensor
2020-03-11T15:52:34.382Z [Simulation] info: [medicalGW-01-0] added new actuator light-intensity-actuator
2020-03-11T15:52:34.382Z [Simulation] info: [medicalGW-01-0] added new actuator heating-level-actuator
2020-03-11T15:52:34.382Z [Simulation] info: [blood-pressure-sensor] has been started!
2020-03-11T15:52:34.382Z [Simulation] info: [blood-pressure-sensor] generate randomly data integer and publish the data in every 3 seconds
2020-03-11T15:52:34.382Z [Simulation] info: [glucose-level-sensor] has been started!
2020-03-11T15:52:34.382Z [Simulation] info: [glucose-level-sensor] generate randomly data enum and publish the data in every 3 seconds
2020-03-11T15:52:34.383Z [Simulation] info: [motion-detection-sensor] has been started!
2020-03-11T15:52:34.383Z [Simulation] info: [motion-detection-sensor] generate randomly data boolean and publish the data in every 3 seconds
2020-03-11T15:52:34.383Z [Simulation] info: [scale-sensor] has been started!
2020-03-11T15:52:34.383Z [Simulation] info: [scale-sensor] generate randomly data double and publish the data in every 3 seconds
2020-03-11T15:52:34.384Z [Simulation] info: [medicalGW-01-1] connected to MQTT broker mqtt://localhost:1883
2020-03-11T15:52:34.384Z [Simulation] info: [medicalGW-01-1] listening actuated data on channel: things/medicalGW-01-1/actuators/#
2020-03-11T15:52:34.384Z [Simulation] info: [medicalGW-01-1] initializing...
2020-03-11T15:52:34.384Z [Simulation] info: [medicalGW-01-1] added new sensor blood-pressure-sensor
2020-03-11T15:52:34.385Z [Simulation] info: [medicalGW-01-1] added new sensor glucose-level-sensor
2020-03-11T15:52:34.385Z [Simulation] info: [medicalGW-01-1] added new sensor motion-detection-sensor
2020-03-11T15:52:34.385Z [Simulation] info: [medicalGW-01-1] added new sensor scale-sensor
2020-03-11T15:52:34.385Z [Simulation] info: [medicalGW-01-1] added new actuator light-intensity-actuator
2020-03-11T15:52:34.385Z [Simulation] info: [medicalGW-01-1] added new actuator heating-level-actuator
2020-03-11T15:52:34.385Z [Simulation] info: [blood-pressure-sensor] has been started!
2020-03-11T15:52:34.385Z [Simulation] info: [blood-pressure-sensor] generate randomly data integer and publish the data in every 3 seconds
2020-03-11T15:52:34.385Z [Simulation] info: [glucose-level-sensor] has been started!
2020-03-11T15:52:34.385Z [Simulation] info: [glucose-level-sensor] generate randomly data enum and publish the data in every 3 seconds
2020-03-11T15:52:34.385Z [Simulation] info: [motion-detection-sensor] has been started!
2020-03-11T15:52:34.385Z [Simulation] info: [motion-detection-sensor] generate randomly data boolean and publish the data in every 3 seconds
2020-03-11T15:52:34.385Z [Simulation] info: [scale-sensor] has been started!
2020-03-11T15:52:34.385Z [Simulation] info: [scale-sensor] generate randomly data double and publish the data in every 3 seconds
2020-03-11T15:52:37.388Z [Simulation] info: [medicalGW-01-0] published: mqtt://localhost:1883 tellu-activemq-broker/sensors/sensor-01
2020-03-11T15:52:37.389Z [Simulation] info: [medicalGW-01-0] published: mqtt://localhost:1883 things/medicalGW-01-0/sensors/glucose-level-sensor
2020-03-11T15:52:37.390Z [Simulation] info: [medicalGW-01-0] published: mqtt://localhost:1883 things/medicalGW-01-0/sensors/motion-detection-sensor
2020-03-11T15:52:37.391Z [Simulation] info: [medicalGW-01-0] published: mqtt://localhost:1883 things/medicalGW-01-0/sensors/scale-sensor
2020-03-11T15:52:37.391Z [Simulation] info: [medicalGW-01-1] published: mqtt://localhost:1883 tellu-activemq-broker/sensors/sensor-01
2020-03-11T15:52:37.391Z [Simulation] info: [medicalGW-01-1] published: mqtt://localhost:1883 things/medicalGW-01-1/sensors/glucose-level-sensor
2020-03-11T15:52:37.391Z [Simulation] info: [medicalGW-01-1] published: mqtt://localhost:1883 things/medicalGW-01-1/sensors/motion-detection-sensor
2020-03-11T15:52:37.392Z [Simulation] info: [medicalGW-01-1] published: mqtt://localhost:1883 things/medicalGW-01-1/sensors/scale-sensor
2020-03-11T15:52:40.390Z [Simulation] info: [medicalGW-01-0] published: mqtt://localhost:1883 tellu-activemq-broker/sensors/sensor-01
2020-03-11T15:52:40.391Z [Simulation] info: [medicalGW-01-0] published: mqtt://localhost:1883 things/medicalGW-01-0/sensors/glucose-level-sensor
2020-03-11T15:52:40.392Z [Simulation] info: [medicalGW-01-0] published: mqtt://localhost:1883 things/medicalGW-01-0/sensors/motion-detection-sensor
2020-03-11T15:52:40.393Z [Simulation] info: [medicalGW-01-0] published: mqtt://localhost:1883 things/medicalGW-01-0/sensors/scale-sensor
2020-03-11T15:52:40.394Z [Simulation] info: [medicalGW-01-1] published: mqtt://localhost:1883 tellu-activemq-broker/sensors/sensor-01
2020-03-11T15:52:40.394Z [Simulation] info: [medicalGW-01-1] published: mqtt://localhost:1883 things/medicalGW-01-1/sensors/glucose-level-sensor
2020-03-11T15:52:40.394Z [Simulation] info: [medicalGW-01-1] published: mqtt://localhost:1883 things/medicalGW-01-1/sensors/motion-detection-sensor
2020-03-11T15:52:40.395Z [Simulation] info: [medicalGW-01-1] published: mqtt://localhost:1883 things/medicalGW-01-1/sensors/scale-sensor
2020-03-11T15:52:43.392Z [Simulation] info: [medicalGW-01-0] published: mqtt://localhost:1883 tellu-activemq-broker/sensors/sensor-01
2020-03-11T15:52:43.394Z [Simulation] info: [medicalGW-01-0] published: mqtt://localhost:1883 things/medicalGW-01-0/sensors/glucose-level-sensor
2020-03-11T15:52:43.394Z [Simulation] info: [medicalGW-01-0] published: mqtt://localhost:1883 things/medicalGW-01-0/sensors/motion-detection-sensor
2020-03-11T15:52:43.394Z [Simulation] info: [medicalGW-01-0] published: mqtt://localhost:1883 things/medicalGW-01-0/sensors/scale-sensor
2020-03-11T15:52:43.396Z [Simulation] info: [medicalGW-01-1] published: mqtt://localhost:1883 tellu-activemq-broker/sensors/sensor-01
2020-03-11T15:52:43.396Z [Simulation] info: [medicalGW-01-1] published: mqtt://localhost:1883 things/medicalGW-01-1/sensors/glucose-level-sensor
2020-03-11T15:52:43.396Z [Simulation] info: [medicalGW-01-1] published: mqtt://localhost:1883 things/medicalGW-01-1/sensors/motion-detection-sensor
2020-03-11T15:52:43.396Z [Simulation] info: [medicalGW-01-1] published: mqtt://localhost:1883 things/medicalGW-01-1/sensors/scale-sensor
2020-03-11T15:52:46.396Z [Simulation] info: [medicalGW-01-0] published: mqtt://localhost:1883 tellu-activemq-broker/sensors/sensor-01
2020-03-11T15:52:46.396Z [Simulation] info: [medicalGW-01-0] published: mqtt://localhost:1883 things/medicalGW-01-0/sensors/glucose-level-sensor
2020-03-11T15:52:46.397Z [Simulation] info: [medicalGW-01-0] published: mqtt://localhost:1883 things/medicalGW-01-0/sensors/motion-detection-sensor
2020-03-11T15:52:46.397Z [Simulation] info: [medicalGW-01-0] published: mqtt://localhost:1883 things/medicalGW-01-0/sensors/scale-sensor
2020-03-11T15:52:46.399Z [Simulation] info: [medicalGW-01-1] published: mqtt://localhost:1883 tellu-activemq-broker/sensors/sensor-01
2020-03-11T15:52:46.399Z [Simulation] info: [medicalGW-01-1] published: mqtt://localhost:1883 things/medicalGW-01-1/sensors/glucose-level-sensor
2020-03-11T15:52:46.399Z [Simulation] info: [medicalGW-01-1] published: mqtt://localhost:1883 things/medicalGW-01-1/sensors/motion-detection-sensor
2020-03-11T15:52:46.400Z [Simulation] info: [medicalGW-01-1] published: mqtt://localhost:1883 things/medicalGW-01-1/sensors/scale-sensor
2020-03-11T15:52:49.398Z [Simulation] info: [medicalGW-01-0] published: mqtt://localhost:1883 tellu-activemq-broker/sensors/sensor-01
2020-03-11T15:52:49.398Z [Simulation] info: [medicalGW-01-0] published: mqtt://localhost:1883 things/medicalGW-01-0/sensors/glucose-level-sensor
2020-03-11T15:52:49.399Z [Simulation] info: [medicalGW-01-0] published: mqtt://localhost:1883 things/medicalGW-01-0/sensors/motion-detection-sensor
2020-03-11T15:52:49.401Z [Simulation] info: [medicalGW-01-0] published: mqtt://localhost:1883 things/medicalGW-01-0/sensors/scale-sensor
2020-03-11T15:52:49.401Z [Simulation] info: [medicalGW-01-1] published: mqtt://localhost:1883 tellu-activemq-broker/sensors/sensor-01
2020-03-11T15:52:49.401Z [Simulation] info: [medicalGW-01-1] published: mqtt://localhost:1883 things/medicalGW-01-1/sensors/glucose-level-sensor
2020-03-11T15:52:49.401Z [Simulation] info: [medicalGW-01-1] published: mqtt://localhost:1883 things/medicalGW-01-1/sensors/motion-detection-sensor
2020-03-11T15:52:49.402Z [Simulation] info: [medicalGW-01-1] published: mqtt://localhost:1883 things/medicalGW-01-1/sensors/scale-sensor
2020-03-11T15:52:52.401Z [Simulation] info: [medicalGW-01-0] published: mqtt://localhost:1883 tellu-activemq-broker/sensors/sensor-01
2020-03-11T15:52:52.401Z [Simulation] info: [medicalGW-01-0] published: mqtt://localhost:1883 things/medicalGW-01-0/sensors/glucose-level-sensor
2020-03-11T15:52:52.401Z [Simulation] info: [medicalGW-01-0] published: mqtt://localhost:1883 things/medicalGW-01-0/sensors/motion-detection-sensor
2020-03-11T15:52:52.402Z [Simulation] info: [medicalGW-01-0] published: mqtt://localhost:1883 things/medicalGW-01-0/sensors/scale-sensor
2020-03-11T15:52:52.402Z [Simulation] info: [medicalGW-01-1] published: mqtt://localhost:1883 tellu-activemq-broker/sensors/sensor-01
2020-03-11T15:52:52.402Z [Simulation] info: [medicalGW-01-1] published: mqtt://localhost:1883 things/medicalGW-01-1/sensors/glucose-level-sensor
2020-03-11T15:52:52.402Z [Simulation] info: [medicalGW-01-1] published: mqtt://localhost:1883 things/medicalGW-01-1/sensors/motion-detection-sensor
2020-03-11T15:52:52.403Z [Simulation] info: [medicalGW-01-1] published: mqtt://localhost:1883 things/medicalGW-01-1/sensors/scale-sensor
2020-03-11T15:52:55.402Z [Simulation] info: [medicalGW-01-0] published: mqtt://localhost:1883 tellu-activemq-broker/sensors/sensor-01
2020-03-11T15:52:55.402Z [Simulation] info: [medicalGW-01-0] published: mqtt://localhost:1883 things/medicalGW-01-0/sensors/glucose-level-sensor
2020-03-11T15:52:55.403Z [Simulation] info: [medicalGW-01-0] published: mqtt://localhost:1883 things/medicalGW-01-0/sensors/motion-detection-sensor
2020-03-11T15:52:55.403Z [Simulation] info: [medicalGW-01-0] published: mqtt://localhost:1883 things/medicalGW-01-0/sensors/scale-sensor
2020-03-11T15:52:55.404Z [Simulation] info: [medicalGW-01-1] published: mqtt://localhost:1883 tellu-activemq-broker/sensors/sensor-01
2020-03-11T15:52:55.404Z [Simulation] info: [medicalGW-01-1] published: mqtt://localhost:1883 things/medicalGW-01-1/sensors/glucose-level-sensor
2020-03-11T15:52:55.405Z [Simulation] info: [medicalGW-01-1] published: mqtt://localhost:1883 things/medicalGW-01-1/sensors/motion-detection-sensor
2020-03-11T15:52:55.405Z [Simulation] info: [medicalGW-01-1] published: mqtt://localhost:1883 things/medicalGW-01-1/sensors/scale-sensor
2020-03-11T15:52:58.406Z [Simulation] info: [medicalGW-01-0] published: mqtt://localhost:1883 tellu-activemq-broker/sensors/sensor-01
2020-03-11T15:52:58.407Z [Simulation] info: [medicalGW-01-0] published: mqtt://localhost:1883 things/medicalGW-01-0/sensors/glucose-level-sensor
2020-03-11T15:52:58.408Z [Simulation] info: [medicalGW-01-0] published: mqtt://localhost:1883 things/medicalGW-01-0/sensors/motion-detection-sensor
2020-03-11T15:52:58.408Z [Simulation] info: [medicalGW-01-0] published: mqtt://localhost:1883 things/medicalGW-01-0/sensors/scale-sensor
2020-03-11T15:52:58.408Z [Simulation] info: [medicalGW-01-1] published: mqtt://localhost:1883 tellu-activemq-broker/sensors/sensor-01
2020-03-11T15:52:58.409Z [Simulation] info: [medicalGW-01-1] published: mqtt://localhost:1883 things/medicalGW-01-1/sensors/glucose-level-sensor
2020-03-11T15:52:58.409Z [Simulation] info: [medicalGW-01-1] published: mqtt://localhost:1883 things/medicalGW-01-1/sensors/motion-detection-sensor
2020-03-11T15:52:58.409Z [Simulation] info: [medicalGW-01-1] published: mqtt://localhost:1883 things/medicalGW-01-1/sensors/scale-sensor
2020-03-11T15:53:01.412Z [Simulation] info: [medicalGW-01-0] published: mqtt://localhost:1883 tellu-activemq-broker/sensors/sensor-01
2020-03-11T15:53:01.413Z [Simulation] info: [medicalGW-01-0] published: mqtt://localhost:1883 things/medicalGW-01-0/sensors/glucose-level-sensor
2020-03-11T15:53:01.413Z [Simulation] info: [medicalGW-01-0] published: mqtt://localhost:1883 things/medicalGW-01-0/sensors/motion-detection-sensor
2020-03-11T15:53:01.413Z [Simulation] info: [medicalGW-01-0] published: mqtt://localhost:1883 things/medicalGW-01-0/sensors/scale-sensor
2020-03-11T15:53:01.414Z [Simulation] info: [medicalGW-01-1] published: mqtt://localhost:1883 tellu-activemq-broker/sensors/sensor-01
2020-03-11T15:53:01.414Z [Simulation] info: [medicalGW-01-1] published: mqtt://localhost:1883 things/medicalGW-01-1/sensors/glucose-level-sensor
2020-03-11T15:53:01.415Z [Simulation] info: [medicalGW-01-1] published: mqtt://localhost:1883 things/medicalGW-01-1/sensors/motion-detection-sensor
2020-03-11T15:53:01.415Z [Simulation] info: [medicalGW-01-1] published: mqtt://localhost:1883 things/medicalGW-01-1/sensors/scale-sensor
2020-03-11T15:53:04.418Z [Simulation] info: [medicalGW-01-0] published: mqtt://localhost:1883 tellu-activemq-broker/sensors/sensor-01
2020-03-11T15:53:04.418Z [Simulation] info: [medicalGW-01-0] published: mqtt://localhost:1883 things/medicalGW-01-0/sensors/glucose-level-sensor
2020-03-11T15:53:04.418Z [Simulation] info: [medicalGW-01-0] published: mqtt://localhost:1883 things/medicalGW-01-0/sensors/motion-detection-sensor
2020-03-11T15:53:04.419Z [Simulation] info: [medicalGW-01-0] published: mqtt://localhost:1883 things/medicalGW-01-0/sensors/scale-sensor
2020-03-11T15:53:04.419Z [Simulation] info: [medicalGW-01-1] published: mqtt://localhost:1883 tellu-activemq-broker/sensors/sensor-01
2020-03-11T15:53:04.419Z [Simulation] info: [medicalGW-01-1] published: mqtt://localhost:1883 things/medicalGW-01-1/sensors/glucose-level-sensor
2020-03-11T15:53:04.420Z [Simulation] info: [medicalGW-01-1] published: mqtt://localhost:1883 things/medicalGW-01-1/sensors/motion-detection-sensor
2020-03-11T15:53:04.421Z [Simulation] info: [medicalGW-01-1] published: mqtt://localhost:1883 things/medicalGW-01-1/sensors/scale-sensor
